5736
4007	a.	29
1936	abbreviation	26
4494	abdoman	16
2960	aberration	21
534	ability	984
2086	ablation	22
321	abnormality	279
1631	absence	174
433	absorption	37
685	abstinence	56
686	abstinence_addiction	20
1390	abundance	69
1155	abuse	296
2707	abuse_alcoholism	41
2448	abuse_neglect	10
3739	academia	60
3740	academia_industry	20
3180	acceleration	48
3431	accelerometer	56
2675	acceptability	42
2544	acceptance	36
1922	access	554
2545	accessibility	109
3443	accident	86
3444	accident_emergency	43
3250	accomplishment	67
434	accordance	17
1991	account	126
743	accountability	24
435	accounting	429
819	accumulation	69
436	accuracy	554
2891	ace	13
2832	acetylation	20
189	achievement	133
1241	acid	316
3238	acid_sequence	28
3239	acid_substitution	12
2873	acinetobacter	10
276	acoustic	105
1218	acquisition	364
3798	act	36
4357	actigraphy	16
866	action	403
3181	action_potential	67
322	activation	514
1391	activator	38
399	activity	2069
535	activity_living	61
4394	actor	14
1458	acuity	20
3609	acylcarnitine	11
1888	ad	234
4539	adapt	11
0	adaptation	169
687	addiction	221
86	addition	924
3385	ade	13
3755	adenocarcinoma	23
3278	adenoma	10
2031	adherence	138
1506	adhesion	64
3647	adhesion_molecule	23
4401	adipocyte	16
4270	adipose	12
1889	adjudicate	18
2546	adjustment	38
1156	adjuvant	23
2006	administration	108
3857	administration_explosion	10
1562	administrator	52
1903	admission	70
1904	admission_activity	62
3731	admixture	21
3616	adni	25
1756	adolescence	138
1757	adolescence_adult	46
1758	adolescence_adulthood	19
1759	adolescent	125
3115	adopter	13
1800	adoption	234
1	adult	989
437	adult_age	277
1760	adulthood	64
744	advance	642
3379	advance_accomplishment	31
636	advancement	118
1372	advantage	361
745	advent	56
2449	adversity	10
3504	advertising	21
3787	advice	30
4194	advisor	51
3687	advisory	17
3688	advisory_board	10
3828	advocacy	11
2922	advocate	38
2032	affair	26
1507	affect	61
4279	affect_allele	12
4646	afferent	34
323	affinity	123
87	age	1091
277	age-	10
3182	age_degeneration	16
2778	agency	77
2892	agenda	18
580	agent	603
4243	aggregate	11
2057	aggregation	82
3961	aggressiveness	13
637	aging	213
1242	agonist	62
1373	agreement	133
3633	agriculture	15
2262	aid	72
2139	air	105
3977	air_flow	14
4019	air_pollutant	14
4020	air_pollutant_air_pollution	11
2140	air_pollution	35
1563	airway	72
3722	al	18
688	alcohol	244
1761	alcohol_abuse	54
1905	alcohol_abuse_alcohol_abuse	12
1906	alcohol_abuse_alcohol_consumption	32
1870	alcohol_consumption	100
3947	alcohol_consumption_alcohol_dependence	12
3024	alcohol_dependence	25
1907	alcoholism	59
3094	alert	51
2497	alignment	85
1524	allele	211
3663	alliance	15
3054	allocation	47
3489	ally	14
2194	alpha	104
4607	alpha_beta	11
4035	alter	26
88	alteration	336
2	alternative	73
4723	alumnus	10
1392	alzheimer	16
1374	ambiguity	16
4710	amelioration	14
3732	america	18
3521	amide	10
2498	amino	57
2499	amino_acid	56
1243	aminobutyric	34
1945	amount	112
2874	amp	14
3933	ampar	10
1015	amplification	33
3762	amplifier	14
2612	amplitude	24
3664	amputation	35
4136	amputee	11
4551	amygdala	17
1890	amyloid	111
3036	amyloid_beta	26
1891	amyloid_deposition	16
4254	amyloid_plaque	11
3522	amyloidosis	15
4446	anabolism	15
1632	analgesic	38
438	analog	45
3575	analyst	20
1908	analyte	10
536	analytic	269
820	anatomy	363
821	anatomy_animal	79
3733	ancestry	30
3829	android	10
3679	anemia	18
3364	anesthesiology	12
3912	anesthetic	19
1564	aneurysm	17
4086	anger	21
4087	anger_anxiety	11
1219	angiogenesis	36
3166	angiography	29
3523	angle	19
89	animal	1014
3555	animation	15
3803	ankle	28
90	annotation	237
1220	announcement	17
4311	anomaly	26
3	answer	41
4	answer_question	27
2123	ant	12
1633	antagonist	211
2141	anthropometry	10
1459	antibiotic	98
1321	antibody	228
1322	antibody_antibody	45
3799	antibody_r24	10
3308	anticancer	19
3070	anticipation	20
1344	anticoagulant	16
3095	antidepressant	11
1393	antigen	87
3240	antimalarial	18
1394	antioxidant	15
1395	anxiety	237
2450	anxiety_anxiety	54
4170	api	11
1617	apnea	35
1396	apoptosis	90
975	app	135
3763	apparatus	19
1699	appearance	93
2007	applicability	65
400	application	1769
2263	appointment	56
4691	appointment_department	11
1970	appreciation	17
867	approval	71
3037	approximation	10
746	architecture	476
747	architecture_area	140
3476	archival	28
1565	archive	175
3477	archiving	18
3648	ard	16
190	area	1772
3748	arena	20
537	arm	190
1836	arousal	51
4195	arrangement	17
1837	array	315
2796	arrest	35
2948	arrhythmia	29
689	art	567
191	arteriosclerosis	58
4271	arteriosclerosis_artery	14
2142	artery	100
3055	arthritis	44
2342	article	62
278	articulation	32
3882	articulator	15
1460	artifact	125
2143	ascertainment	18
1739	asd	75
1221	aspect	514
4579	aspiration	10
3329	ass	44
4390	assault	19
91	assay	944
2708	assemble	13
1055	assembly	115
4273	assertion	16
439	assessment	967
3326	asset	29
2242	assignment	35
2779	assist	16
2033	assistance	102
748	assistant	47
3759	assistant_professor	17
3655	associate	22
690	association	678
1203	association_genome	153
3395	assumption	56
2210	assurance	54
868	asthma	91
3689	asthmatic	11
2839	astrocyte	45
2994	asymmetry	20
192	atherosclerosis	65
2988	atla	24
440	atlas	134
3269	atmosphere	55
4661	atmosphere_curriculum	12
2630	atom	14
1345	atrium	14
1397	atrophy	84
3971	attachment	16
2676	attack	37
4455	attainment	13
3009	attempt	93
3010	attempt_suicide	24
4012	attempter	13
2807	attendance	28
2808	attendance_conference	14
4199	attendee	12
638	attention	609
1305	attention_deficit	146
1306	attention_deficit_hyperactivity_disorder	131
2923	attenuation	30
3841	attitude	74
193	attribute	704
3373	attribute_fellow	24
3590	attrition	13
3978	auc	10
3983	audience	32
4514	audio	17
2547	audiogram	14
2548	audiometry	19
2549	audiometry_auditory	12
1909	audit	14
441	auditory	136
442	auditory_auditory	51
1892	augment	18
3042	augmentation	16
2767	aureus	10
1971	author	54
2693	authority	20
2429	authorization	12
2430	authorization_documentation	12
1056	autism	268
2195	autism_spectrum	121
3749	auto	27
2313	autoantibody	14
2314	autoimmune	52
2315	autoimmunity	34
2087	automation	70
2088	automation_base	49
1204	automobile	278
1205	automobile_driving	274
3939	autonomy	13
2797	autophagocytosis	28
3630	autophagy	10
749	availability	173
3814	avatar	18
1398	avenue	59
443	average	23
4268	aversion	19
4509	avoidance	20
194	award	647
581	award_base	307
1992	awareness	161
3290	awareness_base	103
4152	axis	35
1057	axon	101
639	baby	24
1157	background	352
1125	bacteria	132
4182	bacteriophage	11
2768	bacterium	21
1784	balance	78
2464	band	19
1946	bank	54
2658	banking	17
640	baptist	11
641	baptist_church	11
4652	bar	13
2893	barcoding	11
1712	barrel	11
642	barrier	283
3649	barrier_anatomy	39
4458	barrier_anatomy_blood_vessel	10
1461	base_bed	54
1822	base_benchmarking	65
1910	baseline	109
444	basis	720
2176	battery	59
4220	bayesian	10
3167	bead	13
1266	beam	36
3635	bearing	19
822	bed	87
3227	bedside	21
3815	beginning	37
2220	behaving	23
5	behavior	1586
2913	behavior_behavioral	51
2840	behavioral	118
6	belief	84
1785	belt	10
3228	bench	25
1823	benchmark	26
1462	benchmarking	137
1463	beneficiary	17
976	benefit	339
3145	beryllium	20
1713	beta	122
4144	beverage	10
4478	bf	10
1679	bias	150
2106	bigdata	15
4489	bilingualism	15
4501	billion	37
4354	bind	13
324	binding	263
1871	binge	20
1872	binge_drinking	13
4132	bio	36
1848	bioassay	27
1566	biobank	51
2694	biobehavior	56
869	biochemist	27
870	biochemistry	151
1917	bioconductor	24
4166	biodiversity	11
3205	bioengineering	45
2640	bioethic	28
4711	bioethic_conduct	10
2809	biofluid	13
3309	biogenesis	45
2914	bioimaging	66
582	bioinformatic	786
583	bioinformatic_assay	231
3788	bioinformatic_biometry	45
4712	bioinformatic_biometry_blood_vessel	10
4529	bioinformatician	16
2900	biologic	112
4584	biologic_function	32
871	biologist	147
872	biology	1321
873	biology_biotechnology	36
92	biomarker	885
643	biomechanic	76
3102	biomedicine	52
1923	biometry	337
2659	biometry_biostatistic	47
2641	biometry_blood	51
1947	biomolecule	15
445	biophotonic	18
1948	biophysic	126
584	biopsy	134
4620	biorepositorie	12
3206	biorepository	21
4572	bioscience	16
3025	biosensor	17
4265	biosignature	16
2660	biospeciman	34
3207	biospecimen	39
1937	biostatistic	255
2661	biostatistic_bioinformatic	36
2662	biostatistic_core	45
2586	biostatistician	30
2934	biostatistics	16
4129	biostatistics_core	11
2849	biosynthesis	76
2995	biosynthesis_dna	19
874	biotechnology	77
2124	bird	40
2275	bird_song	10
325	birth	228
326	birth_defect	27
3858	bisr	14
3859	bisr_assistance	10
3860	bisr_century	10
4411	bisulfite	21
4412	bisulfite_sequencing	20
2034	bit	13
2125	bite	11
4550	black	11
1126	bladder	34
3043	blast	12
2949	bleeding	11
2035	blind	24
2021	blindness	53
1972	block	83
3380	blockade	17
195	blood	851
2089	blood_capillary	15
2022	blood_circulation	49
2642	blood_coagulation	54
446	blood_flow	100
2090	blood_flow_blood_vessel	15
750	blood_glucose	27
1158	blood_mononuclear	44
4427	blood_oxygen	24
1714	blood_oxygenation	20
447	blood_pressure	95
2390	blood_pressure_blood_pressure	18
2825	blood_speciman	70
196	blood_vessel	183
2709	blotting	46
4512	blueprint	12
1618	bmi	64
2023	board	146
7	body	505
2288	body_composition	22
3535	body_mass	28
3103	body_weight	45
3524	bond	24
3525	bonding	21
644	bone	124
3482	bone_marrow	42
4554	book	23
4692	boot	14
4693	boot_camp	12
2870	bottleneck	67
327	boundary	77
1838	bowel	53
1399	box	30
3271	boxing	33
1740	boy	31
8	brain	1992
1634	brainstem	24
2036	branch	39
2402	breadth	76
2476	break	34
2983	breakthrough	65
1222	breast	280
1223	breast_cancer	172
3229	breast_carcinoma	22
1224	breast_neoplasm	195
2798	breast_neoplasm_neoplasm_neoplasm	33
3569	breast_neoplasm_neoplasm_prostate	14
3086	breath	19
823	breathing	83
2431	breeding	20
2221	bridge	48
4699	broadcast	10
2037	browser	48
1567	budget	67
3944	buffer	24
3464	build	22
9	building	171
1973	building_block	19
4638	bulb	12
1058	bundle	20
1849	burden	399
2592	burden_illness	85
4360	burst	12
2058	business	178
3291	business_transfer	35
2996	bypass	50
4038	c.	19
2566	ca2	36
2264	cadre	39
2567	caenorhabditis	26
2568	caenorhabditis_elegan	26
4588	cage	11
824	calcium	160
1101	calcium_calcium	30
2984	calcium_indicator	29
3526	calculation	43
4221	calculator	14
1893	caliber	71
1850	calibration	70
2760	call	34
3934	calmodulin	13
1400	calorie	15
2432	camera	62
4452	camp	27
3973	campaign	15
4694	camping	11
3764	campus	62
93	cancer	1115
328	candidate	649
4033	canine	11
4177	cannabinoid	19
691	cannabis	15
751	capability	378
1307	capacity	295
2091	capillary	17
3579	capital	19
2854	capstone	10
2349	capture	93
2038	car	70
2039	car_phone	59
3536	car_phone_cause_death	15
752	carbohydrate	18
2243	carbon	38
3279	carcinogenesis	23
1323	carcinoma	123
2744	cardiogenesis	12
4326	cardiologist	15
197	cardiology	49
2303	cardiometabolism	11
3221	cardiomyocyte	20
4614	cardiomyopathy	13
3554	cardiotoxicity	14
198	career	754
1568	caregiver	137
2451	caregiving	14
2841	cargo	31
2950	carrier	55
3656	cartilage	18
3310	cascade	44
94	case	779
199	case_control	164
2761	case_control_case_control	54
3470	cat	20
645	catalog	169
825	cataloging	50
826	cataloging_catalog	49
4117	catalysis	14
2727	catalyst	24
4158	catchment	12
4159	catchment_area	12
2901	catecholamine	19
1308	categorization	34
448	category	364
3610	catenin	10
3168	catheter	14
2074	cation	29
3804	catus	26
2391	causal	58
1839	causality	38
4424	causation	12
95	cause	605
1918	cause_death	189
96	cavity	38
1159	cbt	18
2452	cc	14
1569	cchmc	10
2927	ccsg	20
4713	cct	15
4714	cct_contact	10
4715	cct_hub	10
4716	cct_partner	15
2289	cd	46
4569	cdna	12
97	cell	2218
1401	cell_culture	118
585	cell_line	317
1762	census	35
200	center	1014
2710	center_excellence	49
875	centric	45
1665	century	43
1635	cereal	46
827	cerebellum	59
449	cerebrum	64
2997	cerevisiae	26
4406	cerna	10
2412	certificate	11
2902	ceruleus	11
4018	cervix	20
98	cessation	496
99	cessation_life	457
2558	chain	120
2935	chair	36
586	challenge	913
3026	challenging	16
3196	chamber	15
2102	chance	39
450	change	1395
1059	channel	166
3311	chaperone	25
4135	character	10
100	characteristic	1009
1041	characterization	394
1700	characterize	17
1715	characterizing	12
201	charge	69
3386	chart	25
4358	chart_review	12
2596	check	21
3230	checkpoint	31
3381	checkpoint_blockade	13
876	chemical	367
4466	chemical_cheminformatic	16
4467	cheminformatic	20
4485	chemist	14
877	chemistry	152
4457	chemistry_preparation	10
3756	chemoradiation	18
1060	chemosensitization	13
1225	chemotherapy	106
202	chest	67
203	chief	12
10	child	653
451	child_childhood	148
2453	child_rearing	16
452	childhood	346
1267	chimera	14
1508	chimera_organism	10
1525	chip	183
1526	chip_seq	111
1716	chloride	23
11	choice	168
4042	cholesterol	28
401	chromatin	97
101	chromatography	65
102	chromatography_mass	16
453	chromophore	11
402	chromosome	149
3826	chromosome_conformation	19
2107	chromosome_deletion	14
2711	chromosome_mapping	31
2842	chronic	93
1741	chronology	19
646	church	18
329	ci	54
330	ci_element	32
3830	cifasd	10
692	cigarette	45
3071	cigarette_smoking	19
3197	cilium	11
2465	cingulate	12
828	circuit	510
2712	circuitry	219
1527	circulation	75
4154	circumstance	32
2244	cirrhosis	11
4468	cisplatin	11
3280	citation	16
4622	citizen	15
2024	city	84
2951	claim	37
3913	clamp	53
1268	clarity	12
587	class	365
454	classification	896
977	classifier	211
4352	classroom	44
3198	clearance	37
2177	cleavage	16
3636	cleft	18
3869	clia	11
2559	client	74
3330	client_satisfaction	11
3044	climacteric	12
1801	climate	22
1324	clinic	441
3902	clinic_visit	18
647	clinician	306
3183	clock	25
2316	clone	17
1701	cloning	13
4596	clostridium	13
3914	closure	13
753	cloud	198
3410	cloud_cloud	39
1802	cloud_computing	86
2413	club	46
2414	club_seminar	14
3512	clue	52
1016	cluster	244
2855	cluster_computing	48
2717	clustering	64
455	cm	18
4508	cmv	11
978	cns	63
4104	cns_wave	10
588	co	358
589	co_mentor	72
3680	co_occurrence	14
2040	coaching	18
4683	coactivator	15
2643	coagulation	70
3576	coating	12
693	cocaine	47
694	cocaine_cocaine	29
4009	cochlear	19
4229	cochlear_implant	10
979	coculture	26
980	code	720
981	code_cohort	96
2222	code_collaboration	108
1206	coding	87
4426	coefficient	12
331	cofactor	26
4491	cognate	16
648	cognition	591
2466	cognition_impairment	102
1786	coherence	50
3795	coherence_tomography	22
1742	cohesion	65
982	cohort	966
1042	cohort_collaboration	175
3765	coil	18
3465	coli	33
1840	colitis	22
332	collaboration	1245
590	collaboration_college	50
1949	collaborative	33
1894	collaborator	208
4430	collagen	22
4610	collapse	15
4643	collateral	10
3272	colleague	43
403	collection	847
591	college	134
4487	college_community	27
4353	colliculus	14
1803	colon	62
1804	colon_cancer	38
4235	colonization	21
1805	colonography	15
1806	colonoscopy	17
2126	colony	19
2433	color	100
1717	column	104
4428	com-	13
4315	coma	13
4057	combat	61
103	combination	726
2532	combinatorial	29
2108	combinatoric	12
1787	command	26
4142	comment	54
754	commercialization	68
204	commitment	68
592	committee	205
2350	common	15
2734	commonality	10
279	communication	636
829	community	1484
1763	community_complement	79
2415	comorbid	37
2008	comorbiditie	57
1017	comorbidity	211
4329	companion	19
1851	company	55
1852	comparability	12
2041	comparing	21
12	comparison	284
3396	comparison_group	64
4382	comparison_group_striatum_structure	10
1402	compartment	40
1824	compatibility	18
2067	compensation	43
1636	competence	109
1974	competency	71
2127	competition	22
333	complement	412
2631	complementarity	18
404	completion	336
830	complex	466
593	complexity	259
2682	compliance	94
1346	complication	169
334	component	779
2178	composition	136
1825	compound	150
2276	comprehension	71
2762	compression	13
3551	compromise	15
4568	compulsion	10
1975	compulsive	16
2109	computation	221
13	computing	439
456	concentration	87
1637	concept	266
4150	conception	24
4207	conceptualization	17
1826	concern	146
2550	concert	28
1680	conclusion	55
2533	concordant	12
1127	condition	668
3104	condition_osteoarthritis	15
1244	conditioning	165
4629	condom	13
1325	conduct	135
4505	conductance	13
3591	conduction	18
3169	cone	11
2542	confer	15
1895	conference	158
4098	conference_call	10
2223	confidence	78
2224	confidence_interval	15
3405	confidentiality	15
4312	configuration	43
2245	confirmation	31
457	conflict	77
458	conflict_psychology	74
1509	conformation	116
4343	confounder	11
1375	confusion	24
4670	congress	10
2225	conjunction	128
1102	connection	240
831	connectivity	388
1743	connectome	73
1744	connectomic	42
3045	consciousness	12
695	consensus	163
1570	consent	84
878	consequence	348
2569	conservation	28
1018	consideration	68
3750	consistency	46
3116	consolidation	43
538	consortium	218
2903	constipation	10
3570	constituent	14
4663	constitution	12
1207	constraint	85
1681	construct	100
1269	construction	127
2695	consult	45
2696	consultant	63
2697	consultation	91
4717	consultation_south	10
755	consumer	42
3411	consuming	10
1873	consumption	166
2500	contact	121
1924	contamination	16
459	content	287
756	context	605
3027	contingency	19
1682	continuation	72
3940	continuity	21
3941	continuum	51
757	contract	20
1128	contraction	21
1718	contralateral	19
1326	contrast	242
1327	contrast_medium	35
4409	contribute	10
335	contribution	378
3072	contributor	60
14	control	1502
758	controller	23
3572	controversy	15
2467	convergence	19
4378	convergent	21
4675	conversation	18
2290	conversion	48
4209	convict	10
4210	conviction	10
4236	cooking	10
4196	cooperation	21
4522	coordinate	12
3466	coordinating	14
2351	coordination	89
3690	copd	27
4515	copdgene	15
3490	copy	51
3491	copy_number	36
3358	cord	97
3359	cord_cord	24
3360	cord_injury	47
879	core	880
3580	core_facility	89
3672	cornerstone	29
4095	corpus	60
696	correction	56
697	correlate	187
3834	correlate_neuromechanism	18
460	correlation	241
3597	correspondence	19
461	cortex	522
4367	corticotropin	15
4368	corticotropin_hormone	11
205	cost	1266
3929	cost-	15
4688	cost-_effectiveness	10
880	cost_custom	88
2075	cost_saving	35
3691	cotton	17
3573	counseling	54
3587	counselor	25
1528	count	108
1403	counterpart	23
1976	country	214
1764	county	63
1719	couple	50
1464	coupling	96
1019	course	539
2291	coursework	167
2936	coursework_seminar	16
3146	covariate	20
104	coverage	91
1807	cpu	10
1619	craniofacial	24
649	cranium	31
698	craving	38
2751	crc	16
2985	crcns	50
336	cre	23
3618	creatinine	10
1745	creation	148
4492	creativeness	21
4160	cri	12
4298	crime	20
2226	crisis	18
4280	crispr	17
699	criterion	297
105	cross	76
3751	cross-	18
4669	crosse	12
3273	crosslink	37
2551	crossover	17
4645	crosstalk	11
2963	crowd	26
4232	crowding	12
2964	crowdsourcing	37
2304	crp	11
3241	crystal	27
3286	crystallization	42
2179	crystallography	44
983	csf	53
4073	cshl	14
2292	ct	10
1808	ctc	13
2663	ctla4	13
4666	ctr	10
4438	ctsa	28
4439	ctsa_hub	10
700	cue	240
1129	culture	213
2613	cuniculus	20
3231	curation	56
3720	curator	28
3334	cure	56
4697	curiosity	11
1061	current	31
2265	curriculum	176
2597	curriculum_workshop	21
4306	cursor	15
462	curve	99
881	custom	283
2965	customer	14
4190	customization	15
1720	cut	16
2092	cutting	49
2196	cutting_edge	42
2587	cvd	21
3056	cwru	11
1683	cycle	266
4047	cyst	11
4496	cystic	11
4497	cystic_fibrosis	11
2894	cytof	14
1160	cytokine	136
2895	cytokine_cytometry	11
2875	cytology	20
4060	cytolysis	10
2896	cytometry	107
3998	cytometry_fluorescence	17
1404	cytoplasm	41
2180	cytosine	29
4630	cytoskeleton	26
1827	cytotoxicity	22
4665	da	13
984	damage	210
4369	danger	12
3855	dangerousness	18
4552	darkness	11
3588	dashboard	19
106	data	1820
3850	data-	12
1020	data_interpretation	228
4441	data_interpretation_statistic_stream	11
15	database	1154
2632	database_deposition	37
539	dataset	742
701	date	295
1911	day	282
2915	day_day	29
3066	db	67
2820	dbgap	19
3780	de	19
1405	deacetylase	11
1684	deafness	44
4013	deal	25
2598	dearth	34
3105	dearth_dataset	15
107	death	470
2392	debate	14
16	decade	309
337	decision	805
832	decision_making	450
1571	decision_support	172
1465	decision_tree	64
1406	decline	186
4296	decode	11
4465	decoding	15
3471	decomposition	25
2227	deconvolution	20
2305	decrease	61
4245	default	21
4246	default_mode	14
338	defect	136
1510	defense	21
108	deficiency	96
463	deficit	500
3453	define	10
1270	definition	114
3147	deformation	34
650	deformity	14
1407	degeneration	197
3187	deglutition	22
759	degradation	48
464	degree	232
4249	degree_freedom	13
3052	degree_relative	13
465	delay	157
594	deletion	98
2110	deletion_syndrome	11
3716	delineation	31
3726	deliverable	30
760	delivery	288
3605	deluge	15
466	demand	162
1376	dementia	258
3665	demographic	109
3851	demography	17
2552	demonstration	52
3184	dendrite	53
4623	dengue	13
702	density	341
4043	density_lipoprotein	12
2383	dentin	11
4673	dentistry	15
3843	deoxyribonuclease	14
2293	department	210
1062	dependence	232
2599	dependency	98
4376	depletion	22
761	deployment	95
1620	deposition	157
1245	depression	465
1765	deprivation	32
1621	depth	209
2256	derivation	36
2257	derivation_procedure	36
1408	derivative	12
4223	descent	17
1043	descriptor	131
3155	descriptor_neoplasm	40
3827	desensitization	19
4118	designer	25
4327	desire	34
4454	desire_food	17
985	destruction	22
2228	detail	122
109	detection	1008
3365	detection_detector	40
2942	detector	70
1466	deterioration	46
882	determinant	218
986	determination	182
4681	determine	13
3058	determinism	64
2403	detoxication	16
3556	developer	38
2916	deviation	32
280	device	640
2614	dexterity	10
3537	diabete	36
762	diabetes	187
763	diabetes_mellitus	91
110	diagnosis	1432
2111	diagnosis_prognosis	40
987	diagnostic	250
3289	diagnostic_therapeutic	33
1271	diagram	26
3445	dialysis	22
3478	diameter	26
3467	diarrhea	19
3087	diary	20
1161	diet	140
2570	dietary	19
3789	differ	20
17	difference	626
1467	differential	94
1468	differential_equation	22
3692	differential_expression	31
988	differentiation	199
1977	difficulty	164
3712	diffraction	18
467	diffuse	82
4213	diffuse_non	17
1162	diffusion	261
1746	diffusion_diffusion	42
1747	diffusion_diffusion_resonance_imaging	38
1853	diffusion_resonance	112
4014	diffusion_tensor	21
4474	digestion	11
3516	digit	21
1021	dimension	472
468	dimensionality	308
1925	dimensionality_reduction	27
2604	direction	191
4558	directionality	13
206	director	136
540	disability	445
4701	disadvantage	14
3366	disambiguation	12
3446	disaster	62
2937	discharge	52
883	discipline	371
2683	discipline_nursing	34
4413	discipline_obstetric	10
4230	disconnection	14
3645	discount	16
3930	discounting	10
2810	discourse	22
884	discovery	889
3861	discovery_processor	10
469	discrepancy	19
3952	discriminate	13
1377	discrimination	158
4178	discussion	76
3657	disequilibrium	26
1469	disintegration	11
3203	disk	17
281	disorder	2471
1163	disparity	142
3497	displacement	14
1809	display	61
2454	disruption	146
1926	disruptor	18
339	dissection	76
1927	dissemination	230
2833	dissociation	31
1529	distal	22
2501	distance	95
4371	distinction	37
4335	distortion	16
3890	distraction	20
1022	distress	94
3585	distress_syndrome	23
18	distribution	292
4654	district	15
2404	disturbance	64
2455	divergence	23
4556	diverse	18
405	diversity	205
207	division	80
340	dna	786
2998	dna_biosynthesis	35
3734	dna_biosynthesis_dna_damage	10
1409	dna_damage	57
406	dna_dna	215
2999	dna_dna_biosynthesis_dna	19
2181	dna_methylation	135
407	dna_polymerase	37
1410	dna_repair	29
2876	dna_resequencing	16
341	dna_sequence	225
1950	docking	71
885	doctor	320
886	doctor_philosophy	280
3214	document	70
764	documentation	750
2352	documentation_ecosystem	11
3875	dog	19
3335	dogma	10
1470	dollar	30
342	domain	511
2456	domain_criterion	99
4372	domain_criterion_response_rest	17
3546	dominance	19
3974	donor	59
2424	door	16
833	dopamine	117
1246	dopamine_neuron	28
4431	dopamine_receptor	20
4432	dopamine_receptor_dopamine_receptor	12
2144	doppler	10
2571	dorsal	105
2664	dosage	92
3406	dosage_dose	19
887	dose	282
3251	dosing	15
3428	dot	12
2605	download	12
1638	dozen	45
1828	dream	36
111	drift	26
1912	drinker	30
1874	drinking	77
4370	drive	28
2718	driver	100
1208	driving	278
3156	drop	46
3382	droplet	11
3666	dropout	10
343	drosophila	41
2938	drs	66
595	drug	1288
2416	drug_abuse	98
888	drug_discovery	214
889	drug_discovery_predictability_interaction	25
2076	drug_resistance	116
890	drug_targeting	228
703	drug_usage	106
2904	dti	57
4690	duplication	15
4347	durability	10
1685	duration	150
4604	duty	10
3438	dyad	12
1328	dye	15
834	dynamic	549
2317	dysbiosis	18
1063	dysfunction	374
1572	dyskinesia	14
4071	dysmorphology	10
3188	dysphonia	11
3397	dysregulation	58
4600	dystonia	10
4051	dystrophy	24
4048	ear	17
4541	earth	12
2973	ease	26
1164	eating	17
4429	echo	13
2145	echocardiography	30
3130	eclampsia	22
3131	eclampsia_pregnancy	21
2405	ecology	46
1766	economic	178
2384	economy	29
2353	ecosystem	77
3932	ed	25
2843	edema	15
1378	edge	334
344	editing	70
891	education	523
4251	education_curriculum	55
4698	education_curriculum_process_instructing	12
892	education_outreach	73
893	education_outreach_workshop_engineering	25
4400	educator	37
1788	eeg	77
19	effect	1553
208	effectiveness	500
2826	effector	55
282	efficacy	479
1919	efficiency	205
765	effort	812
2146	efrac	10
4339	egg	33
4502	egg_embryo	13
3898	ehealth	11
1347	ehr	116
1348	ehrs	20
2147	ejection	10
2148	ejection_fraction	10
3962	elasticity	13
4495	elastography	10
2393	elder	15
3823	electrocardiogram	11
3883	electrocorticogram	21
3884	electrocorticogram_electrode	15
4608	electrocorticography	13
1789	electrode	212
3805	electrode_array	31
1790	electrode_electroencephalography	39
4088	electrode_electroencephalography_electrophysiology_science	11
3766	electrode_electronic	17
3117	electrode_electrophysiology	34
4674	electroencephalogram	10
1309	electroencephalography	194
1978	electroencephalography_electrophysiology	39
283	electromagnetic	28
3252	electromyography	20
835	electron	119
4289	electron_transport	11
766	electronic	51
3838	electronics	50
20	electrophysiology	345
21	electrophysiology_science	267
4534	electrostatic	11
2572	elegan	48
345	element	646
346	element_reporter	40
3000	elevation	18
2905	eligibility	48
2906	eligibility_determination	48
3336	elimination	26
1411	elongation	23
2633	elucidation	37
2042	email	19
3472	embedding	18
2952	embolism	10
347	embryo	94
1573	emerge	34
2128	emergence	107
1349	emergency	123
3447	emergency_department	51
1350	emergency_situation	32
209	emission	179
210	emission_tomography	157
1471	emory	28
1165	emotion	217
4395	emotion_recognition	14
1166	emotion_regulation	65
4155	empathy	14
1379	emphasis	164
1472	employee	64
1473	employee_strike	50
1686	employment	45
2266	emr	47
3118	enable	28
4459	encephalitis	19
4089	encephalography	10
1979	encode	31
1380	encoding	105
4397	encounter	19
2745	encryption	15
2746	encryption_enhancer	10
3844	encyclopedia	16
1103	end	431
3148	end_end	24
3374	endeavor	51
2229	endocrine	58
4530	endocytosis	19
4687	endonuclease	11
1841	endophenotype	75
3650	endothelium	16
2534	endpoint	64
1412	energy	161
4239	energy_expenditure	16
4145	energy_intake	12
2477	energy_metabolism	37
1381	engagement	141
3412	engine	60
1980	engineer	50
408	engineering	785
1272	engineering_environment	152
3598	enhance	11
1413	enhancement	172
348	enhancer	106
1666	enrichment	100
1896	enrollment	315
2677	enrollment_environment	70
1104	ensemble	71
2334	enterprise	16
2780	enthusiasm	12
3331	entity	75
4164	entity_recognition	12
4064	entrepreneurship	15
2943	entropy	17
1854	entry	76
2719	enumeration	10
3893	env	19
2485	envelope	30
211	environment	1504
596	enzyme	208
2513	eosin	13
2514	eosin_staining	13
1574	epic	12
1167	epidemic	139
1938	epidemiologist	59
2781	epidemiologist_epidemiology	30
212	epidemiology	508
2856	epigenetic	31
2713	epigenome	41
3059	epigenomic	150
2944	epilepsy	179
3088	episode	103
4082	epistasis	28
2928	epithelial	11
3199	epithelium	50
4123	epitope	56
3434	epoch	13
1530	eqtl	19
1474	equation	92
284	equilibrium	254
2434	equipment	180
3413	equipment_supply	49
1575	era	77
2857	eradication	14
22	error	237
2318	erythematosus	24
2606	erythrocyte	19
3505	escalation	11
4640	esophagus	11
2821	essence	13
989	establishment	58
1622	ester	64
2343	estimate	176
651	estimation	136
2799	estrogen	17
2800	estrogen_receptor	16
3945	ethanol	15
1329	ethic	136
2953	ethnicity	34
112	etiology	503
4290	eukaryote	17
213	evaluation	1032
3383	evasion	10
214	event	1393
597	event_evolution	84
23	evidence	788
113	evolution	316
990	ex	14
3693	exacerbation	19
1023	exam	46
1247	examination	166
652	example	429
1576	excellence	76
3989	exception	18
3735	excess	14
1105	exchange	139
285	excision	167
3253	excitability	36
3543	excitation	25
3544	excitation_inhibition	10
1064	excitatory	91
1065	excitatory_synapse	47
3299	excitatory_synapsis	20
4708	excitement	11
1414	excitotoxicity	14
4061	exclusion	41
4278	exclusion_criterion	18
2737	execution	72
3073	executive	17
767	exercise	138
4233	exhaustion	34
114	exhibit	534
1415	exhibit_experience	131
3599	exist	19
4480	existence	44
3637	exocytosis	26
598	exome	154
599	exome_sequencing	112
2380	exon	65
2844	exosome	19
2319	expansion	94
1639	expectancy	61
1640	expectation	155
1641	expectation_experience	51
1842	expenditure	67
4297	expense	34
24	experience	1738
2652	experience_face	80
25	experiment	748
3367	experimental	12
1963	experimentation	62
600	expert	559
1024	expertise	859
2881	explanation	39
4065	exploitation	13
1855	exploration	90
409	explosion	69
4351	exposome	11
704	exposure	652
349	expression	1227
1168	expression_profile	44
1169	expression_profiling	69
2684	extension	104
410	extent	251
3685	extinction	33
3686	extinction_psychology	32
2515	extract	56
2246	extraction	144
1130	extravasation	18
2478	extremity	73
2535	extrinsic	31
2025	eye	215
2615	eye_eye	61
3517	eye_movement	48
3518	eye_tracking	33
3767	fabrication	14
1767	face	362
4030	face_face	29
3562	facet	13
4227	facile	13
1025	facilitation	22
3622	facilitator	14
2685	facility	275
2769	fact	157
350	factor	1649
2211	factorization	14
215	faculty	487
216	faculty_member	89
894	faculty_member_fellow_phd	25
217	faculty_position	24
1577	faculty_staff	44
601	failure	485
895	failure_fellowship	30
3242	falciparum	18
3096	fall	27
4559	familiarity	14
653	family	715
3060	family_history	43
1066	family_member	79
3292	family_suidae	23
3831	fasd	11
991	fashion	122
1623	fat	52
351	fate	63
2149	fatigue	74
4293	favor	12
1416	fear	103
1417	fear_conditioning	32
286	feasibility	265
4317	feasibility_acceptability	21
4718	feasibility_fee	10
115	feature	1027
1843	fece	46
1578	fee	40
1475	feed	18
26	feedback	480
3623	feedback_flexibility	41
1476	feeding	109
2306	feeling	32
896	fellow	255
897	fellow_phd	30
898	fellowship	106
2335	female	42
4644	ferret	11
4381	fertility	12
3964	fertilization	29
3132	fetus	20
2827	fever	34
4677	fever_virus	14
1026	fiber	188
1351	fibrillation	18
1131	fibrinogen	11
3702	fibroblast	33
1027	fibromyalgia	13
899	fibrosis	91
2267	fidelity	51
116	field	1156
2573	fig	19
2574	fig_dietary	16
2607	fighting	26
4255	figure	15
3274	filament	29
2763	file	49
2608	film	19
2435	filter	17
2060	filtering	14
470	finding	718
352	finger	39
3620	fingerprint	42
4384	fingerprinting	10
4361	fire	37
4362	fire_disaster	37
1248	firing	78
353	fish	26
4083	fission	13
3089	fit	10
2150	fitness	86
2553	fitting	19
2897	fixation	39
3721	fixing	13
4310	flap	11
2320	flare	19
1511	flexibility	395
2720	flexibility_foundation	43
4542	flight	10
2634	flood	26
2129	floor	20
471	flow	236
3483	flow_cytometry	34
4627	flu	15
3903	fluctuation	40
992	fluid	105
993	fluid_csf	34
1330	fluorescence	173
1331	fluorescence_fluorescence	27
1512	fluorescence_microscopy	23
1273	fluorescent	69
1274	fluorescent_hybridization	21
2635	flux	12
3185	fly	44
472	fmri	146
354	focus	495
1667	fold	13
3527	folding	14
1170	food	145
4299	food_food	24
1171	food_intake	15
1249	foot	34
3768	footprint	12
654	force	141
4250	forearm	14
602	forecast	283
1477	forecasting	30
2588	forefront	18
3361	forelimb	14
655	forest	187
1382	forgetting	12
3001	fork	13
117	form	468
2182	format	123
3387	format_page	11
2644	format_range	27
355	formation	265
4625	formula	11
1928	formulation	85
3925	forum	58
3999	forward	11
4252	foster	16
1951	fostering	183
2653	fostering_foundation	49
2268	fostering_funding	58
218	foundation	783
900	foundation_frequency	75
1579	foundation_funding	111
2258	foundation_future	99
3200	founder	18
2929	fox	13
2151	fraction	81
3528	fractionation	23
3577	fracture	27
2616	fragility	10
3287	fragment	37
4402	fragmentation	16
4318	frailty	16
3707	frame	58
1106	framework	766
3339	frap1	16
3563	freedom	27
4256	freezing	29
473	frequency	658
1687	frequency_funding	94
3368	frequency_oscillation	22
2728	friend	38
2593	fright	93
2747	frog	10
2764	frontier	72
4208	fronto	12
3752	fruit	22
3694	fuel	10
356	function	1866
768	functionality	90
1856	functioning	196
4417	functioning_behavioral	13
2354	fund	53
4591	fundamental	22
27	funding	1167
1688	funding_cycle	41
219	funding_future	310
2371	funding_period	97
2436	fundus	25
2130	fungus	12
3557	fusiform	27
3558	fusiform_gyru	21
656	fusion	122
220	future	1463
287	future_gender	56
1624	gain	139
541	gait	45
603	galaxy	19
705	gambling	17
2729	game	56
1250	gamma	68
1251	gamma_aminobutyric	34
3592	ganglion	19
901	gap	506
3600	gap_junction	34
3133	gas	44
4291	gatekeeper	12
4418	gateway	14
4419	gateway_interaction	13
4077	gathering	14
3300	gating	15
3319	gaze	45
3232	gbm	26
3002	gel	15
288	gender	167
2355	gender_difference	26
118	gene	1931
357	gene_expression	825
3011	generalizability	42
28	generalization	28
29	generalization_generalization	11
4274	generate	18
2877	generating	30
604	generation	1122
605	generation_sequencing	227
3513	genesis	17
358	genetic	647
3990	geneticist	18
2112	genetics	14
411	genome	818
2321	genome-	21
2197	genome_genomic	97
412	genomic	1106
2113	genomic_connectomic	15
3340	genomic_germ	23
902	genotype	312
1531	genotype_phenotype	75
3492	genotyping	48
359	genus	31
1857	geography	88
1858	geography_goal	57
1748	geometry	103
2678	geriatric	29
3341	germ	69
3342	germ_line	23
3965	germline	11
4247	gestation	16
2917	gesture	30
4167	gi	14
4383	gille	12
4510	girl	37
2230	gland	45
3157	glass	37
3204	glaucoma	17
4003	glioblastoma	11
4004	glioma	36
3736	globe	14
2307	glucocorticoid	14
769	glucose	71
1067	glutamate	120
1068	glutamate_goal	81
4322	glutathione	10
1625	glycerol	62
1626	glycerol_ester	62
3529	glycine	16
1226	glycolysis	14
2247	glycoprotein	27
2248	glycosylation	18
1275	goal_gold	208
903	goal_government	54
2356	goal_graph	145
1276	gold	278
3484	gold_standard	41
904	government	92
3355	gps	18
4590	gpu	13
119	grade	124
3448	gradient	33
905	graduate	261
4099	graft	22
1768	grain	27
2770	gram	18
2771	gram_bacteria	11
1209	grammar	13
4442	grantsmanship	17
4611	granule	21
4124	granulocyte	10
2357	graph	236
2554	graph_theory	53
4373	graph_theory_support_vector	12
4090	graphic	18
3189	grasp	56
3564	grasp_hand	23
3074	grid	31
3017	grn	11
2721	ground	59
2722	ground_truth	31
3769	grounding	11
2068	groundwork	90
360	group	1316
4171	grouping	13
413	growth	585
3474	growth_factor	100
4672	gtp	15
3343	gtpase	10
1580	guardian	11
2858	guest	16
1332	guidance	213
4433	guide	21
2077	guideline	257
1172	gut	51
1532	gwas	44
3559	gyru	52
2277	gyrus	24
4724	habenula	10
2167	habit	47
3417	hair	13
1069	hairpin	46
1533	hairpin_rna	14
1875	half	96
2322	hallmark	60
2468	hallucination	12
2061	hand	379
474	handedness	13
3781	handful	21
2437	handling	34
1534	haplotype	34
2968	happiness	11
770	hardware	96
2269	harm	44
3991	harmonization	20
4036	harness	11
3459	harvest	42
1920	hazard	48
1418	hd	14
657	head	243
2399	head_neck	35
1642	healing	40
1173	health_disparity	104
289	health_professional	58
2974	health_promotion	43
30	health_relevance	1559
1352	healthcare	469
1310	hearing	102
2555	hearing_loss	38
221	heart	471
1353	heart_atrium	14
4507	heart_attack	11
2152	heart_failure	78
222	heart_lung	80
1478	heart_rate	78
4034	heart_rate_heart_rate	13
3312	heat	32
3313	heat_shock	20
4307	heating	29
3254	height	39
2198	helicase	11
4460	helper	10
4536	hematology	11
3870	hematopoiesis	10
475	hemisphere	20
476	hemodynamic	68
477	hemoglobin	23
1354	hemorrhage	80
4649	hemostasis	10
2377	hepatitis	14
4377	hepatocyte	28
1829	hepatotoxicity	13
1535	heritability	100
3028	heritability_heterogeneity	27
4149	herpesviridae	21
542	heterogeneity	525
2457	heterogeneity_dimensionality	41
4374	heterogeneity_imprecise	12
1581	heuristic	40
4387	hierarchy	22
4606	high-	17
4631	highlight	17
4174	hindbrain	11
3538	hip	48
3658	hip_region	33
1419	hippocampal	105
4191	hippocampal_formation	19
1420	hippocampus	44
1132	hispanic	61
2093	histocompatibility	56
2094	histocompatibility_testing	45
1227	histology	90
3547	histone	29
2516	histopathology	44
223	history	296
1536	hit	32
2486	hiv-1	51
1981	home	250
1982	home_environment	221
478	homeostasis	110
2502	homolog	11
2503	homology	56
4603	honor	11
3806	hope	45
4641	horizon	13
1643	hormone	96
658	hospital	441
3824	hospital_hour	20
4440	hospital_readmission	18
1479	hospitalization	157
1480	hospitalization_hospital	59
1513	host	263
1514	host_defense	10
2782	hotspot	15
771	hour	282
3234	house	26
3619	household	29
1929	housing	92
772	hub	103
4719	hub_ctsa	10
706	hundred	159
2698	hundred_thousand	29
2212	hurdle	39
31	hybrid	192
1277	hybridization	45
4137	hydration	15
4138	hydration_status	15
3966	hydrocarbon	14
2231	hydrocortisone	23
3593	hydrogel	16
3314	hydrogen	16
3530	hydrogen_bonding	10
2487	hydrolase	50
3545	hyper	14
1311	hyperactivity	139
1312	hyperactivity_disorder	131
1582	hypercholesterolemia	14
773	hyperglycemia	12
1044	hyperintensity	12
3158	hypersensitivity	52
1583	hypertension	108
774	hypoglycemia	10
3586	hypoperfusion	11
361	hypothesis	1192
3337	hypothesize	10
3170	hypoxia	19
2469	hz	28
4583	ibd	11
1481	icu	40
32	idea	202
2417	ideal	11
4385	ideation	13
414	identification	779
3222	identifier	12
1070	identity	93
1355	illness	419
4259	illumination	10
120	image	1568
2859	image_imagery	97
2989	image_registration	55
1810	imagery	357
4578	imagination	11
224	imaging	1720
2323	imbalance	23
3033	immersion	29
4662	immobility	10
3429	immune	20
1668	immunity	136
2665	immunization	22
2783	immunodeficiency	102
3894	immunodeficiency_syndrome	67
2784	immunodeficiency_virus	38
2575	immunofluorescence	34
4577	immunogen	10
2666	immunogenicity	28
1421	immunoglobulin	16
2517	immunohistochemistry	67
994	immunologic	61
2667	immunologic_immunology	17
1669	immunologist	27
1670	immunologist_immunology	19
1671	immunology	122
3485	immunophenotyping	15
2199	immunoprecipitation	98
995	immunoregulation	20
2294	immunosuppression	33
1228	immunotherapy	48
290	impact	1155
543	impairment	831
3651	impedance	22
3003	impediment	39
2556	implant	32
1964	implantation	60
3807	implantation_electrode	18
775	implementation	380
479	implication	303
4292	import	12
362	importance	355
4375	imprecise	21
4513	imprinting	11
480	imprisonment	11
544	improvement	399
1983	impulsivity	77
3730	impulsivity_inattention	10
3992	imputation	18
2043	inability	71
4105	inaccessibility	11
3332	inaccuracy	18
1252	inactivation	54
2168	inactivity	20
3046	inattention	23
33	incentive	66
1689	inception	25
776	incidence	298
2153	incidence_indexing	27
2801	incidence_individual	84
2154	incident	40
707	inclusion	91
708	inclusion_criterion	22
2961	income	87
3468	income_country	13
2344	incorporation	57
3293	incubator	16
4498	indel	11
1791	independence	139
481	index	177
225	indexing	379
659	indexing_individual	128
3603	indication	35
709	indicator	157
2748	indium	46
291	individual	2198
1584	individual_informatics	89
3581	individual_informatics_innovation_insight	17
1356	individual_innovation	388
4685	individual_innovation_institution_interest	12
2583	indolent	16
3255	inducer	10
3256	induction	45
906	industrialization	46
907	industry	212
908	industry_inflammatory	27
909	industry_inflammatory_innovation_insight	25
1952	industry_partner	33
910	industry_productivity	25
4262	inequality	12
3320	infancy	126
3321	infancy_infant	66
660	infant	209
1357	infarction	140
1133	infection	433
1045	inference	250
3967	infertility	17
4100	infiltration	30
1028	inflammation	261
3790	inflammation_inflammatory	15
911	inflammatory	101
482	influence	372
34	influential	33
4168	influenza	50
4169	influenza_virus	29
4527	influenzavirus	17
661	informatic	343
662	informatics	329
663	informatics_innovation	63
545	infrastructure	614
546	infrastructure_resource	194
777	infusion	42
1721	infusion_procedure	25
4192	ing	12
1174	ingestion	25
3968	inheritance	19
3208	inhibit	12
1029	inhibition	142
912	inhibitor	211
1722	inhibitor_antagonist	50
1175	inhibitory	72
4703	inhibitory_interneuron	10
1253	inhibitory_synapse	17
1482	initiation	139
1585	initiative	215
2438	injection	84
2738	injection_agent	44
547	injury	456
1672	innate	10
226	innovation	1889
3257	innovation_inpatient	37
913	innovation_insight	297
1939	innovation_institute	100
2114	innovation_institution	96
2560	innovation_institution_investigation_knowledge	16
2617	innovation_instrument	53
3223	innovation_interest	129
3885	innovator	12
3258	inpatient	67
3259	inpatient_unit	11
1107	input	386
1108	input_output	39
3134	inquiry	68
606	insertion	60
607	insertion_deletion	43
35	insight	1408
608	insight_interest	149
3479	inspection	12
2366	instability	67
3260	installation	16
1483	instance	94
1673	institute	352
1674	institute_institution	39
1984	institute_interest	47
914	institution	467
1586	institution_interest	56
915	institution_proximity	25
1254	instructing	97
1071	instruction	269
2730	instructor	54
483	instrument	219
3770	instrument_instrumentation	31
1229	instrumentation	75
3906	insufficiency	25
710	insula	63
711	insula_reil	63
3375	insulator	13
778	insulin	69
779	insulin_insulin	20
4269	insulin_resistance	24
3135	insult	29
780	insurance	75
2954	insurance_carrier	13
781	insurance_portability	22
1176	intake	65
36	integration	713
1537	integrin	11
2834	integrity	69
782	intelligence	199
1690	intelligibility	23
1644	intensity	163
1645	intensity_pain	22
4425	intent	24
2518	intention	40
415	interact	39
121	interaction	2076
2969	interactome	22
3209	interagency	11
3942	intercourse	10
2488	interdependency	17
484	interest	1156
2358	interest_internet	44
2600	interest_investigation	70
292	interface	520
1072	interference	142
4490	interfering	17
2668	interferon	44
4184	interferon_alpha	13
4119	intermediate	18
2044	internet	328
3862	internet_java	10
1278	interneuron	76
4632	internship	30
3480	interobserver	15
3481	interobserver_variability	15
2561	interoperability	67
2155	interplay	98
2636	interpretability	15
37	interpretation	449
4557	interpreting	11
2418	interrogation	37
1702	interruption	69
3760	intersection	45
2232	interval	70
122	intervention	1649
3097	intervention_interview	79
2679	interview	151
3589	interviewing	11
1844	intestine	78
4078	intoxication	11
3601	intra-	18
1358	introduction	49
1538	intron	43
2562	intuition	92
4488	intuitive	11
1515	invasion	21
4386	invention	14
2918	inventory	57
4626	inverse	11
4602	inversion	11
4696	invertebrate	16
123	investigation	737
2095	investigation_joint	32
1030	investigation_knowledge	196
1587	investment	129
1646	involvement	103
124	ion	163
4069	ion_beam	14
2576	ion_channel	67
4447	ion_sulfate	11
3594	ip	31
4524	ipscs	12
4283	iq	10
3531	iron	28
4161	irradiation	15
4216	irregularity	10
1422	ischemia	52
4101	islet	22
2249	isoform	76
2324	isolate	18
2845	isolation	72
2250	isomerism	11
2637	isotope	21
1940	issue	375
1313	item	27
2878	iteration	13
3863	java	17
3741	job	38
293	joint	319
294	joint_kinematic	14
1691	joint_knowledge	72
227	journal	106
485	judgment	67
3112	junction	57
3624	justice	11
2811	k01	12
3029	k02	10
2295	k23	60
3418	k99	66
3419	k99_phase	47
1930	kernel	47
1769	key	45
664	kid	10
783	kidney	142
784	kidney_failure	42
4186	kidney_kidney	24
1588	kidney_transplant	10
3384	killer	11
1484	killing	42
1423	kinase	101
836	kind	133
295	kinematic	81
785	kinetic	219
4066	kit	12
3659	knee	25
1073	knock	43
4025	knockdown	12
125	knockout	51
126	knockout_mouse	37
486	knowledge	1963
1074	knowledge_label	102
2359	knowledgebase	19
363	lab	444
1075	label	401
2425	label_laboratory	64
2990	labeling	85
3163	labor	59
609	laboratory	1123
127	lack	368
2752	lag	12
2785	land	10
3753	landmark	27
610	landscape	110
296	language	587
487	language_delay	29
1359	language_processing	247
4535	lapse	26
3414	laptop	13
4615	large-	15
4616	large-_scale	15
128	laser	55
4543	lasso	12
4039	latency	40
1703	latent	98
2394	latino	30
3210	lattice	10
3261	launch	10
3948	law	48
1723	layer	124
4044	ldl	13
4045	ldl_cholesterol	10
228	leader	263
1539	leader_field	52
1360	leadership	268
2278	learner	47
2009	learning_manual	34
2860	lecture	81
2296	lecturer	20
4133	lecturer_lecture	11
3808	leg	20
364	length	308
3388	length_stay	52
1210	lens	24
129	lesion	322
3498	lesson	27
4015	lethality	14
1361	letter	204
4266	letter_licensing	14
611	leukemia	68
1516	leukocyte	21
130	level	1602
2975	leverage	56
4294	lexicon	12
2439	liaison	11
416	library	399
4211	license	14
786	licensing	71
3725	lieu	11
131	life	1658
3211	life_cycle	71
1770	life_expectancy	46
1177	life_style	88
2131	lifecycle	15
1771	lifespan	43
2115	lifestyle	104
3061	lifetime	47
1517	ligand	140
1518	ligand_binding	35
488	light	393
4049	lighting	41
548	likelihood	99
3506	likelihood_estimation	10
2479	limb	102
3816	limb_movement	23
3817	limb_prosthesis	13
612	limit	78
3106	limit_mobility	15
1485	limitation	329
2907	limiting	12
613	line	551
1279	lineage	77
2589	linear	21
3067	linguistic	114
365	link	1239
2822	link_lipid	46
2908	link_literature	137
2577	link_location	107
2279	link_longevity	51
712	link_machine	543
2010	link_machine_learning_manual	32
2336	linkage	96
3660	linkage_disequilibrium	16
4084	linking	15
297	lip	40
2823	lipid	133
4046	lipoprotein	16
2378	liquid	25
1280	list	101
2280	listener	18
2281	listening	11
1993	literacy	72
1994	literate	14
489	literature	533
1772	liver	122
549	living	125
1540	lncrna	22
2078	load	81
2812	lobar	11
2813	lobar_degeneration	10
1281	lobe	200
1282	localization	94
417	location	576
1792	locomotion	36
1793	locomotor	12
2183	locus	190
2909	locus_ceruleus	11
4080	log	16
132	logic	77
2966	logistic	48
2379	long-	19
1773	longevity	158
3439	longevity_machine	76
4091	look	11
787	loop	118
4500	loop_db	10
366	loss	439
367	loss_function	122
3819	lot	13
3625	loudness	16
2504	low-	17
2395	lowering	14
916	lsp	31
917	lsp_respect	25
1724	ltp	11
229	lung	352
2924	lung_lung	81
2925	lung_nodule	11
4176	lymph	32
4470	lymph_node	23
1704	lymphocyte	141
4471	lymphoid	25
2669	lymphoma	50
4040	lysine	12
3582	m	22
4709	m.	10
4146	macaque	17
1424	machinery	182
2850	macromolecule	24
3018	macrophage	57
4337	magnetism	26
3926	magnetoencephalography	41
1283	magnitude	99
2045	mail	42
3171	mainstay	10
3212	mainstream	10
837	maintenance	267
3742	major	13
2325	majority	255
3460	maker	47
4330	makeup	18
838	making	457
4185	malaise	12
2609	malaria	20
2337	male	91
4260	male_female	11
3502	malformation	17
3159	malignancy	65
3907	malnutrition	13
3626	maltreatment	10
2426	mammal	86
3574	mammogram	13
1333	mammography	35
918	man	222
2786	man_sex	28
1134	man_woman	38
788	management	722
2699	manager	24
3800	managing	10
4096	manifest	16
1749	manifestation	102
3149	manifold	13
368	manipulation	183
665	manner	218
2011	manual	368
2096	manual_map	74
2991	manual_measurement	55
789	manufacturer	35
3956	manufacturing	18
2787	manuscript	131
298	map	962
1541	map_measure	222
1647	map_measurement	147
3771	map_measurement_measure_mechanic	15
299	mapping	293
1334	margin	31
3136	mark	35
230	marker	1312
1830	market	77
1831	marketing	80
231	markov	94
2802	markov_chain	28
232	markov_model	49
3440	marriage	18
1725	marrow	45
3754	mask	46
133	mass	115
4544	mass_cytometry	10
2251	mass_spectrometry	19
134	masse	16
2297	master	89
2939	master_degree	13
4214	master_regulator	17
3190	mastication	11
3949	match	16
4342	matching	13
1811	material	192
3235	math	25
1109	mathematic	229
4180	mathematician	11
4686	matlab	11
135	matrix	85
2536	matrix_adhesion	10
1046	matter	280
3047	matter_damage	12
1047	matter_hyperintensity	12
1876	maturation	112
4257	mature	11
4517	maturity	10
1425	maze	30
3681	mci	17
3432	md	19
3747	mdd	20
4068	meal	11
2026	mean	192
3796	meaning	38
3797	meaning_word	15
38	measure	2515
2156	measure_mechanic	57
2882	measure_medial	67
136	measurement	1208
233	measurement_measure	585
919	measurement_measure_medicine_meeting	37
839	mechanic	179
137	mechanism	1775
920	mechanism_action	103
2470	medial	132
2471	medial_memory	42
3617	mediating	36
1774	mediation	60
1178	mediator	180
1426	mediator_activation	157
1648	medication	193
2686	medication_adherence	14
2687	medication_compliance	28
550	medicine	1192
921	medicine_meeting	108
1335	medium	174
922	meeting	554
2700	meeting_member	78
1179	meeting_mentor	56
3262	meg	39
3548	meiosis	15
4463	melanogaster	11
2670	melanoma	70
790	mellitus	285
138	member	695
234	member_mentor	99
4106	member_spirit	10
2930	membership	36
1031	membrane	236
3532	membrane_membrane	48
490	memory	733
3119	memory_consolidation	26
1383	memory_encoding	38
3296	memory_retrieval	33
4647	meninge	11
4648	meningeal	11
3876	ment	10
4324	mentee	30
4275	mention	14
235	mentor	723
4408	mentor_advisor	21
2298	mentor_collaborator	29
551	mentor_mentorship	210
236	mentoring	148
552	mentorship	278
4704	menu	12
1692	merit	50
3846	mesoderm	11
3454	message	33
2046	messaging	21
4585	messenger	20
713	meta	60
491	metabolic	151
2406	metabolic_detoxication	14
791	metabolism	275
2407	metabolism_metabolomic	49
1845	metabolite	134
4237	metabolome	32
139	metabolomic	209
4258	metadata	15
3908	metagenome	15
2714	metagenomic	74
3631	metagenomic_microbial	11
2385	metal	52
2753	metastasis	42
792	meter	16
1230	methionine	10
237	methodology	1559
1076	methyl	53
1077	methyl_receptor	39
2883	methylaspartate	16
614	methylation	200
615	methylome	10
2803	methyltransferase	14
1231	metric	193
2169	mhealth	80
4340	mi	10
2804	micro	24
3137	micro-	11
2519	microarray	40
2132	microbe	54
2133	microbial	89
4678	microbial_microrna	10
1486	microbiology	46
4486	microbiology_microbiome	10
1135	microbiome	93
2408	microbiota	35
616	microchip	41
4193	microcircuit	11
3120	microelectrode	23
2520	microenvironment	87
3138	microfluidic	31
4000	microorganism	33
1542	microrna	193
2427	microscope	104
4561	microscopic	10
840	microscopy	159
2282	microstimulation	31
3191	microstimulation_mind	15
4566	microstructure	11
3935	microtubule	22
3139	microvesicle	13
3022	midbrain	44
3023	midbrain_structure	44
2338	middle	14
2701	midlife	10
2170	midst	10
1589	migraine	20
2828	migration	71
3371	milestone	32
4538	milieu	11
4448	milk	13
4334	millimeter	10
1362	million	145
3107	million_people	33
3108	million_smartphone	15
2739	millisecond	32
1180	mind	138
2308	mind_body	15
2012	mindfulness	29
3909	mineral	14
2618	miniaturization	11
3772	minimization	27
3871	minimum	12
923	mining	549
2898	mining_data	151
1363	minority	269
4157	minority_minority	42
2259	minute	79
4725	mir	10
1543	mirna	62
2079	misclassification	21
4650	misfolding	10
4204	mismatch	24
3953	missense	19
3954	missense_mutation	14
1693	mission	366
1694	mission_modeling	137
1859	misuse	45
1860	misuse_prescription	22
1931	mitigation	21
3236	mitochondrial	33
3782	mitogen	17
1932	mixture	113
3281	ml	16
3791	mm	14
996	mobile	81
997	mobile_computing	37
140	mobility	124
924	modality	802
1110	modality_modeling	318
39	mode	123
40	model	3085
41	modeling	3205
1487	modeling_modernization	148
418	modeling_modification	139
2976	modeling_modification_mutagenesis_mutation	10
793	modeling_monitor	277
2955	modeling_monitor_morbidity_disease	26
1846	moderator	19
1488	modernization	242
419	modification	406
4499	modifier	28
2884	modulate	20
1181	modulation	178
2200	modulator	53
3301	modulatory	12
794	module	171
4594	molecular	17
369	molecule	449
2885	moment	49
4595	moment_moment	16
3943	money	12
492	monitor	773
2654	monitor_mood	17
2080	monitor_morbidity	63
1794	monitor_motion	31
714	monitoring	452
3192	monkey	81
3611	monoamine	12
3705	monocyte	16
3783	monoester	10
3784	monoester_hydrolase	10
2505	monomer	11
1182	mononuclear	44
493	month	299
3835	month_month	21
2047	mood	249
2655	mood_disorder	107
1544	morbidity	360
1545	morbidity_disease	285
1546	morbidity_disease_rate_mortality	171
2081	morbidity_mortality	128
4612	morphogenesis	10
1211	morphology	274
3150	morphometric	28
3151	morphometry	48
141	mortality	553
1590	mosaicism	19
4008	mosquito	10
3717	mother	65
370	motif	77
2537	motility	51
1111	motion	242
1255	motivation	168
42	motor	508
553	motor_motor	210
142	mouse	645
4217	mouth	26
43	movement	599
715	movie	38
1048	mri	197
1547	mrna	46
4102	msc	12
2788	msm	16
143	mu	372
144	mu_mutation	80
2233	mu_nature	44
1284	mu_neocortex	19
1812	mucosal	12
1649	multidisciplinary	270
3415	multimedia	19
1877	multimodal	167
2116	multimodal_imaging	74
145	multimodality	187
4081	multimodality_multitask	17
4125	multiplexing	18
2619	multisensory	18
2117	multitask	63
3246	multitude	15
716	multivariate	195
2326	murine	30
554	muscle	219
1136	muscle_contraction	17
2656	music	19
2489	mutagenesis	68
2490	mutagenesis_mutation	43
2772	mutant	67
371	mutate	26
372	mutate_mutation	26
146	mutation	689
4605	mutation_carrier	10
4120	mycobacterium	28
4121	mycobacterium_tuberculosis	28
3435	myelination	24
4205	myocardium	26
1137	myocyte	28
3420	nail	14
3421	nail_plate	10
1384	name	160
4029	nano	22
4058	nanomachine	10
4664	nanometer	22
3708	nanoparticle	30
3849	nanotechnology	16
4276	narrative	12
3695	nasal	11
3845	nation	66
44	nature	678
3038	nature_nerve	33
4076	navigation	29
2270	nci	20
4052	ncrna	11
3539	necessity	11
2400	neck	63
1519	necrosis	51
494	need	966
4107	need_inaccessibility	10
3565	needle	21
3709	negative	15
2458	neglect	24
1775	neighborhood	53
4300	neighborhood_relocation	10
1078	neighboring	26
2578	nematoda	25
841	neocortex	60
3718	neonate	20
3877	neonatology	16
147	neoplasm	1108
300	neoplasm_map	125
148	neoplasm_neoplasm	72
2871	neoplasm_pancreas	27
2521	neoplasm_prostate	66
2522	neoplasm_prostate_neoplasm_map	12
3922	nephrology	10
1285	nerve	251
1427	nerve_degeneration	110
1726	nerve_nerve	29
4331	nerve_terminal	10
2027	net	32
373	network	1605
925	network_centric	29
926	network_centric_pharmacology_toxicology	25
3034	networking	69
3461	networking_website	18
1897	neurite	33
3519	neuroadaptation	14
3399	neuroanatomy	40
1183	neurobiology	341
1650	neurobiology_neurochemistry	14
1861	neurobiology_neurocognition	16
1184	neurobiology_neuroimaging	73
1651	neurochemistry	38
1862	neurocognition	23
3972	neurocognitive	10
1727	neurodegeneration	43
2234	neuroendocrine	12
3886	neuroengineering	13
3263	neurogenesis	45
4363	neurogenetic	21
1049	neuroimage	12
555	neuroimaging	325
3297	neuroimaging_neuromechanism	12
1185	neuroinflammation	35
3048	neuroinflammatory	14
4706	neuroinformatic	12
3540	neurologist	56
3723	neurologist_neurology	12
998	neurology	105
2814	neurology_neuropathology	12
717	neuromechanism	227
2283	neuromechanism_neuron	69
3264	neuromodulation	32
3121	neuromodulator	23
495	neuron	913
1985	neuron_neurophysiology	149
4586	neuron_neurophysiology_biologic_function	32
1286	neuron_neuropsychiatry	31
2886	neuron_neuroregulation	45
2815	neuropathology	88
3595	neuropathy	20
4365	neuropeptide	14
1032	neurophysiology	268
4010	neurophysiology_biologic	39
3887	neurophysiology_neuroscience	27
3193	neuroplasticity	37
3818	neuroprosthesis	22
999	neuroprotection	20
1287	neuropsychiatry	95
3285	neuropsychiatry_neuroscience	24
1878	neuropsychology	77
2887	neuroregulation	117
3265	neuroregulation_neuroscience	32
556	neurorehabilitation	14
45	neuroscience	681
2702	neuroscientist	97
3809	neurostimulation	19
3652	neurosurgeon	28
4624	neurosurgeon_neurosurgery	14
2097	neurosurgery	50
3122	neurotechnology	16
2372	neurotoxicity	32
3422	neurotoxin	13
3915	neurotransmission	107
3916	neurotransmission_neurotransmitter	32
1079	neurotransmitter	101
3719	neurotransmitter_receptor	26
3638	neurotransmitter_release	35
4072	newborn	24
2171	news	30
4597	nexus	14
4617	ng	11
2396	nhane	14
3493	nia	14
2931	niche	33
3075	nicotine	14
4434	nidcr	13
4537	niddk	11
2910	nigra	14
3266	nind	27
496	nir	11
2919	nitrogen	13
2013	nlp	43
1652	nociception	28
3224	nodal	13
4284	node	72
2926	nodule	22
617	noise	305
1627	non	63
1314	non-	31
1705	nonsense	13
1080	norepinephrine	22
497	norm	24
4414	normalcy	11
2059	normalization	26
3499	nose	21
1000	nosology	15
3792	notch	20
3389	note	58
3356	notification	17
3327	notion	22
2472	novelty	14
3160	novice	17
4482	nsf	14
1428	nuclear	26
2977	nuclease	13
2846	nucleic	80
3019	nucleic_acid	29
3661	nucleic_sequence	39
4388	nucleosome	17
618	nucleotide	301
2184	nucleotide_polymorphism	91
374	nucleus	241
619	number	985
3098	nurse	68
3832	nursery	18
3833	nursery_school	18
2688	nursing	85
3099	nursing_home	20
1429	nutrient	56
2409	nutrition	57
1138	obesity	232
1186	obesity_obesity	43
557	object	184
2601	object_recognition	42
4634	objectivity	10
1256	observation	200
3879	observer	38
3662	obstacle	56
4415	obstetric	10
3696	obstruction	35
3076	occasion	11
2620	occlusion	27
420	occupancy	17
2506	occupation	97
3836	occur	10
795	occurrence	56
2118	ocd	19
3455	oculomotor	16
1695	odd	31
4126	odd_ratio	23
1257	odor	24
2861	offer	19
2862	offering	18
3993	office	69
4067	office_visit	11
4680	officer	10
3606	official	14
3737	offspring	46
3738	offspring_parent	10
3172	oil	14
3507	old	31
4633	olfactory	28
4639	olfactory_bulb	11
4108	oligodendrocyte	22
4109	oligodendrocyte_people	10
2978	oligonucleotide	26
1953	omic	162
3344	oncogene	71
4573	oncogenesis	14
3880	oncologist	33
3881	oncologist_oncology	10
1001	oncology	144
498	one	54
4523	online	27
1364	onset	356
1365	onset_illness	43
2360	ontology	152
2579	oocyte	21
4461	opening	23
2440	operating	85
2441	operating_room	15
796	operation	221
3773	operator	31
2028	ophthalmologist	10
2621	ophthalmology	17
2979	opinion	48
1653	opioid	36
238	opportunity	794
2945	opsin	11
499	optic	203
842	optic_optogenetic	43
1288	optimization	169
2014	option	167
843	optogenetic	180
4321	optogenetic_output	37
375	order	852
1289	order_magnitude	35
1591	ordering	10
1033	organ	288
2098	organelle	47
376	organism	399
927	organism_outreach	39
1750	organization	331
4479	organizing	11
3596	organoid	19
4143	orientation	21
1002	origin	210
3503	orphan	13
1995	orthography	11
4609	orthopedic	16
2622	oryctolagus	20
2623	oryctolagus_cuniculus	20
500	oscillation	85
4364	oscillation_synchrony	13
4225	oscillator	13
4679	oscillatory	30
3109	osteoarthritis	22
2235	osteoporosis	16
3607	outbreak	43
239	outcome	2132
1941	outcome_forecast	105
1706	outgrowth	11
1592	outpatient	76
301	output	498
4231	output_parietal	14
928	outreach	205
4720	outreach_overweight	10
4219	overall	14
2271	overdiagnosis	16
4267	overdose	14
1081	overexpression	97
4671	overgrowth	10
2339	overlap	56
2157	overload	16
2671	oversight	22
4050	overtreatment	15
2213	overview	33
2480	overweight	30
3012	ownership	11
1430	oxidation	17
1431	oxidation_reduction	10
3917	oxide	34
501	oxygen	78
4651	oxygen_specie	11
502	oxygenation	24
1654	oxytocin	14
4021	ozone	10
1996	p01	20
1432	p53	13
2851	pace	53
4366	pacemaker	24
2361	package	118
4532	packaging	14
1628	pad	10
2602	page	81
4721	page_contact	13
3390	page_continuation	11
240	pain	246
4483	pain_intensity	14
1034	pain_pain	75
1655	pain_pain_intensity_pain	22
1082	pair	111
2185	pairing	29
3904	pairwise	20
4421	palate	20
1212	palindromic	70
1213	palindromic_repeat	70
2731	palsy	19
3757	pancrea	10
797	pancreas	46
149	panel	168
2970	panic	10
241	paper	189
4503	par	14
46	paradigm	375
666	paradigm_shift	36
620	parallel	141
3864	parallelization	20
3810	paralysis	39
377	parameter	343
844	parameterization	11
2134	parasite	43
3322	parcellation	11
4621	parenchyma	13
1593	parent	205
4560	parent_child	10
2309	parent_participant	54
1879	parietal	72
1880	parietal_participant	26
1433	parkinson	10
3237	part	107
242	participant	830
1696	participation	119
3315	particle	78
2442	particulate	14
2584	partition	13
1594	partner	194
558	partnership	151
4456	party	10
4435	passage	10
3462	past	36
1434	patch	68
3918	patch_clamp	45
1913	patent	59
3345	path	91
4705	pathobiology	14
1520	pathogen	183
3632	pathogen_pathogenesis	30
3338	pathogen_pathogenicity	18
1435	pathogenesis	266
2327	pathogenesis_pathogenicity	40
1003	pathogenicity	127
2328	pathologic	47
4309	pathologic_pathology	29
302	pathologist	58
1050	pathology	527
1004	pathophysiology	135
150	pathway	1308
151	pathway_interaction	984
47	pattern	1743
718	pattern_recognition	111
378	patterning	120
719	patterning_neuromechanism	21
2967	paucity	32
4313	payment	22
3895	pbmc	13
4598	pc	20
4320	pca	10
929	pd	19
2638	peak	50
3899	pediatric	20
3093	pedigree	23
243	peer	236
2214	peer_peer	29
244	peer_review	79
3794	pelvi	17
152	penetrance	34
3856	penetration	38
1139	people	391
1140	peptide	158
4355	peptidomimetic	10
1728	percent	28
503	percentage	34
3878	percept	16
1315	perception	288
303	performance	1310
1813	performance_computing	100
2754	performance_perfusion	40
2755	perfusion	95
2386	perinatal	11
245	period	656
3013	periodicity	89
3500	periphery	16
1232	permeability	46
3982	persistence	28
304	person	676
504	personality	69
505	personality_trait	32
2048	personalization	21
153	perspective	153
3701	perturbagen	29
930	perturbation	233
4059	perturbed	10
3969	pesticide	10
3039	pet	39
3400	petabyte	21
506	pfc	17
1986	ph.d	70
4349	phage	19
4350	phage_recombinase	10
1233	phantom	25
798	pharmaceutical	106
931	pharmaceutical_chemistry	46
3975	pharmaceutical_chemistry_preparation_pharmacology	10
932	pharmacodynamic	49
3100	pharmacoepidemiology	10
2986	pharmacogenetic	46
1595	pharmacogenomic	58
4592	pharmacokinetic	12
933	pharmacologist	30
934	pharmacology	299
935	pharmacology_toxicology	27
4323	pharmacophore	10
3030	pharmacotherapy	71
3391	pharmacovigilance	13
2689	pharmacy	31
2690	pharmacy_facility	23
154	phase	1081
936	phd	145
1954	phenome	32
1005	phenomenology	15
1385	phenomenon	129
1955	phenomic	20
155	phenotype	1345
1956	phenotypic	101
1035	phenotyping	137
2645	phenotyping_phenotype	27
2646	phenotyping_phenotype_format_range	27
937	philosophy	296
4079	phonation	16
1006	phone	218
3981	phonetic	15
1997	phonology	40
3486	phosphatase	27
3275	phosphohydrolase	18
2538	phosphoprotein	11
2539	phosphoproteomic	15
1436	phosphorylation	66
938	phosphotransferase	101
939	phosphotransferase_physician	30
845	photon	109
4026	photoreceptor	10
4075	phrase	45
2580	phylogeny	26
846	physic	123
940	physician	469
941	physician_pharmacologist	25
3774	physicist	15
2397	physiologic	27
942	physiology	765
246	pi	142
720	picture	108
48	piece	40
3161	pigment	12
3077	pill	11
2932	pillar	15
156	pilot	370
2201	pioneer	23
621	pipeline	256
3068	pitch	12
3123	pixel	23
943	pk	13
1965	place	149
247	placebo	56
3775	placement	52
3776	placement_electrode	11
3140	placenta	19
2491	plague	20
248	plan	539
507	plane	17
4676	planet	10
1933	planning	279
1998	plant	163
1999	plant_root	118
249	plaque	46
1187	plasma	198
2329	plasmablast	11
4436	plasmid	24
3243	plasmodium	18
3244	plasmodium_falciparum	18
1112	plastic	53
1083	plasticity	336
3456	plasticizer	15
3423	plate	28
1548	platelet	43
622	platform	711
847	play	156
848	play_population	105
3621	player	41
4422	pleasure	16
1596	pleiotropism	30
1597	pleiotropy	15
3408	plethora	15
4392	plethysmography	10
4005	ploidie	10
3090	plug	33
4389	pluripotency	12
3225	pluripotent	45
3226	pluripotent_stem	34
2015	pm	13
4628	pneumonia	13
4493	pocket	10
1489	point	435
2492	point_mutation	43
1832	poison	17
4027	polarity	10
1598	policy	244
3463	policy_maker	37
4022	pollutant	20
1934	pollution	47
4587	polyadenylation	11
3110	polyarthritis	24
3124	polymer	32
421	polymerase	76
2829	polymerase_chain	21
4511	polymerization	12
623	polymorphism	213
1814	polyp	15
4636	polypeptide	14
1957	polypharmacology	11
3552	polyribosome	12
2252	polysaccharide	11
1987	pool	88
1833	popularity	14
250	population	2271
3713	pore	16
508	portability	96
2049	portal	89
3469	portfolio	42
1336	portion	80
4416	pose	11
251	position	166
379	positioning	311
380	positioning_attribute	293
2272	positive	48
1437	possibility	86
559	post	79
2789	postdoc	10
2863	poster	41
2864	poster_presentation	12
3125	posting	17
4201	postmortem	11
3302	postnatal	38
3141	postpartum	17
3142	postpartum_period	17
2481	posture	48
1084	potassium	22
1085	potassium_channel	17
3173	potency	21
305	potential	903
1086	potentiation	39
4228	poverty	47
4301	poverty_neighborhood	10
1113	power	351
306	practice	709
4601	practicum	10
1656	practitioner	48
4062	pre	17
2310	pre-	45
1776	precede	14
560	precision	449
561	precision_medicine	269
944	precision_medicine_price_productivity	20
1438	precursor	78
1898	predict	30
945	predictability	26
946	predictability_interaction	25
49	prediction	1159
562	predictor	364
1036	predisposition	325
1599	preference	174
1290	pregnancy	111
4689	pregnancy_pregnancy	16
2387	pregnancy_trimester	14
4540	preimplantation	13
157	premalignant	16
4464	premier	19
2459	premise	39
2740	premotor	26
2790	prep	11
721	preparation	1276
4063	preparation_pharmacogenomic	34
2946	preparation_pharmacology	89
2992	preprocessing	15
1007	prerequisite	14
4011	presbycusis	14
4581	prescribing	11
1863	prescription	88
3514	prescription_drug	14
4549	prescription_opioid	18
1008	presence	252
2299	present	49
2050	presentation	240
4183	preservation	32
4197	press	14
509	pressure	272
4328	pressure_liquid	15
3602	pressure_prevent	24
667	prevalence	379
1141	prevalence_prevent	36
2158	prevalent	21
563	prevent	229
2082	prevent_prevention	100
1142	prevention	694
2507	preventive	10
947	price	48
948	price_productivity	28
50	primate	107
4635	principal	12
1087	principle	233
2000	print	19
2001	printing	27
4277	prior	13
2367	prioritization	35
2016	priority	183
2215	privacy	65
2563	privatization	67
4244	pro-	27
51	probability	305
849	probe	99
1143	probiotic	14
52	problem	1115
1914	problem_drinker	19
307	procedure	1194
53	process	3112
1258	process_instructing	97
1259	process_instructing_electrophysiology_science	11
54	processing	1247
3865	processor	18
1942	procurement	15
799	product	284
1144	production	358
949	productivity	170
1600	productivity_program	60
4707	profession	22
308	professional	79
252	professor	140
2419	proficiency	25
381	profile	617
1188	profiling	531
2647	profiling_monitor	59
1291	progenitor	55
1439	progeny	11
2119	prognosis	144
2300	prognostic	49
3487	prognostication	21
253	program	1979
4302	programmer	12
2362	programming	144
4172	programming_interface	24
422	progress	418
2002	progress_report	35
158	progression	571
2428	projection	89
4028	projection_neuron	20
2368	proliferation	73
4657	prominence	11
55	promise	226
382	promoter	154
2672	promotion	57
2691	prompt	13
1292	proof	90
1707	proof_concept	60
3811	proof_principle	13
1729	propagation	47
2956	propensity	28
564	property	875
2791	prophylaxis	15
1293	proportion	94
4526	prosencephalon	16
4031	prosody	11
4110	prospect	21
2523	prostate	97
2524	prostate_cancer	62
4407	prostate_carcinogenesis	11
4234	prostate_prostate	15
4445	prostatectomy	11
56	prosthesis	114
2987	prosthetic	25
2493	protease	34
2494	protease_inhibitor	23
1145	protection	90
159	protein	1473
2253	protein_isoform	76
1915	protein_proteome	59
4462	proteolysis	11
1294	proteome	79
1440	proteomic	324
3866	proteomic_python	12
3346	proto	20
3347	proto_oncogene	20
800	protocol	722
801	protocol_documentation	639
802	protocol_documentation_prototype_provider	10
4518	proton	21
803	prototype	319
804	prototype_provider	35
3194	protrusion	16
4111	provenance	34
805	provider	233
1708	provirus	13
3852	provision	23
950	proximity	52
2816	proxy	43
1088	psd	12
3057	psoriasis	12
2202	psychiatrist	21
2203	psychiatry	131
2420	psychiatry_psychology	20
2817	psycholinguistic	10
2273	psychologist	38
510	psychology	221
2703	psychometric	69
1777	psychopathology	157
57	psychophysic	55
2657	psychophysiology	27
2971	psychosis	52
722	psychotherapy	29
3049	ptsd	23
1881	public	81
254	publication	392
255	publication_publishing	85
256	publishing	549
2099	pulse	111
806	pump	22
3727	puncture	13
3820	punishment	29
2962	pupil	17
3457	purkinje	17
1337	purpose	257
3955	pursuit	38
1966	putaman	15
3646	puzzle	12
1089	pyramidal	73
1730	pyramidal_neuron	40
3035	python	44
4405	qualifying	11
511	quality	1100
2216	quality_assurance	53
807	quality_life	372
668	quantification	152
4546	quantitation	14
850	quantitative	14
2421	quantity	53
3533	quantum	18
3698	quarter	25
2345	query	69
4053	quest	10
58	question	710
1864	questionnaire	111
2835	quinolone	10
4667	quo	10
3424	r00	49
3425	r00_phase	45
1189	r01	183
3896	r01_application	62
1190	r03	10
3897	r21	13
3801	r24	13
4396	r33	20
1191	race	101
2957	race_ethnicity	17
3710	radial	27
1366	radiation	208
2756	radiation_dose	18
4162	radiation_radiation	46
3348	radiation_therapy	67
3433	radio	25
3777	radio_frequency	11
3867	radiobiology	16
4092	radiofrequency	12
3979	radiography	12
2062	radiologist	36
257	radiology	74
258	radiology_specialty	68
259	radiomic	30
3758	radiotherapy	36
1234	radiotracer	13
3957	raman	13
851	ramp	12
2172	randomization	24
309	range	615
4181	rank	12
4345	ranpirnase	14
4443	rarity	12
2715	rat	116
160	rate	999
1549	rate_mortality	224
2051	rating	50
2340	ratio	87
2204	rationale	69
669	ray	176
2186	ray_crystallography	26
670	ray_tomography	105
3282	rct	21
3195	reach	58
951	reaction	257
3785	reactivation	19
4531	reactive	13
723	reactivity	43
4618	read	14
3673	readability	19
1815	reader	87
1816	reader_reading	36
3449	readiness	26
1316	reading	211
4525	reading_frame	19
2159	readmission	25
2899	readout	42
2363	reagent	93
852	reality	91
2585	realization	20
4285	realm	14
2460	rearing	16
2749	rearrangement	33
3401	reason	105
952	reasoning	52
953	reasoning_discovery	25
3283	recall	48
2704	receipt	18
808	receiver	45
2525	receiver_operating	41
954	receptor	500
1521	receptor_signaling	44
260	recipient	48
724	recognition	363
4567	recombinant	23
1090	recombinase	27
2980	recombination	46
1601	recommendation	194
2581	reconstitution	54
853	reconstruction	211
261	record	735
1602	record_ehr	68
2648	record_store	27
854	recording	730
1146	recording_event	442
565	recovery	305
3219	recovery_rehabilitation	37
4303	recreation	11
1386	recruit	215
2933	recruiting	12
1751	recruitment	541
1752	recruitment_activity	413
1147	recurrence	195
4475	recycling	19
1441	redox	11
1442	reduction	306
3931	redundancy	18
1367	reference	113
1368	reference_standard	20
3900	referral	11
1295	refinement	64
3201	reflection	12
1114	reflex	29
3369	refractory	38
161	regard	43
3362	regeneration	38
3363	regeneration_nerve	12
2069	regiman	59
3372	regime	18
3872	regimen	19
383	region	963
671	registration	112
3014	registry	106
672	regression	280
2284	regularity	36
1443	regulate	17
423	regulation	789
384	regulator	256
385	regulator_gene	131
386	regulator_gene_element_reporter	12
59	rehabilitation	171
60	rehabilitation_therapy	115
725	reil	72
2958	reimbursement	16
1988	reinforcement	101
4103	rejection	28
726	relapse	64
4263	relate	10
2341	relatedness	14
512	relation	194
566	relationship	868
3053	relative	27
4226	relaxation	23
2888	relay	13
1967	release	121
3639	release_neurotransmitter	24
61	relevance	1770
2765	reliability	98
3031	reliability_validity	12
3958	reliance	27
4175	relief	14
3062	religion	14
3063	religion_spirituality	14
4304	relocation	10
2911	rem	11
2912	rem_sleep	11
4097	remediation	28
2692	reminder	22
3164	remission	56
1847	remodeling	60
310	removal	50
262	renewal	199
1657	renewal_application	51
3220	reorganization	13
1009	repair	87
1214	repeat	106
2741	repeatability	12
1444	reperfusion	18
1550	repertoire	54
809	replacement	44
1551	replication	157
3004	replication_fork	11
727	report	401
387	reporter	141
855	reporting	947
1865	reporting_infrastructure	83
3667	reporting_repository	42
1490	reporting_reproducibility	57
263	repository	290
3247	repository_infrastructure	37
62	representation	288
1778	representative	19
388	repression	41
567	reproducibility	323
2135	reproduction	27
4655	reproductive	10
3970	reprogramming	21
3515	repurposing	11
2818	reputation	10
3583	request	79
1779	requirement	125
3674	rescue	15
1338	resection	39
2879	resequencing	16
2260	reserve	18
1709	reservoir	28
4472	residence	19
2063	residency	31
2064	resident	37
2508	residue	45
1780	resilience	82
4139	resin	14
955	resistance	410
2495	resistance_resistance	71
3349	resistant	23
162	resolution	887
163	resonance	967
513	resonance_imaging	906
3560	resonance_imaging_fusiform_gyru	13
4264	resonance_imaging_resonance_spectroscopy	27
2639	resonance_spectroscopy	46
568	resource	1650
1882	resource_sharing	84
956	respect	156
4023	respiration	26
1491	respiratory	45
4476	respond	20
4574	respondent	15
3174	responder	43
3873	responder_non	14
514	response	2185
515	response_rest	164
2590	responsibility	19
957	responsiveness	69
516	rest	437
1192	rest_reward	22
3078	resting	32
3079	resting_state	21
2742	restoration	41
3778	restraint	17
624	restriction	52
2301	resubmission	22
1492	resuscitation	22
3143	retardation	45
1317	retention	69
4356	reticulum	25
2624	retina	17
2029	retinopathy	19
3064	retirement	10
4519	retreat	14
1387	retrieval	218
1603	return	42
3699	reuptake	20
3700	reuptake_inhibitor	16
3215	reuse	10
3640	reverberation	10
3080	reversal	26
3946	reverse	12
264	review	296
2217	review_board	54
2346	reviewer	20
4054	revision	32
4562	revolution	11
1193	reward	281
3081	reward_anticipation	11
4642	reward_modulation	10
2805	rewiring	16
1710	rfa	12
2473	rhythm	84
1445	ribosome	23
3984	rice	12
2836	richness	29
517	right	19
3450	rigor	18
1658	rise	88
265	risk	2016
1037	risk_factor	739
4619	rl	10
1552	rna	205
3847	rnai	25
1296	rnaseq	32
2792	road	14
3494	roadblock	10
2625	robot	50
2626	robot_robot	18
1795	robotic	92
1921	robustness	66
856	rodent	230
1968	rodent_primate	12
1731	rodent_rodent	36
857	rodent_role	93
3175	roentgen	47
3176	roentgen_ray	47
2673	roi	11
63	role	2007
3994	role_running	58
728	role_sampling	349
2443	room	54
2003	root	118
3005	root_cause	12
4444	rotation	49
3995	round	30
1899	route	77
3323	routine	33
424	rule	193
3006	run	35
1604	running	97
1553	rupture	20
3706	s	11
4163	sa3	17
4547	saccade	10
3007	saccharomyce	25
3008	saccharomyce_cerevisiae	24
810	safety	301
2030	safety_net	10
3350	sage	14
3839	sale	18
2594	salience	26
518	salient	34
4391	saliva	31
164	sample	987
3520	sample_fixation	24
625	sample_size	201
165	sampling	1459
729	sampling_scanning	130
2083	sampling_schedule	29
1817	sampling_scheme	45
1493	sap	12
4563	sarcoma	14
4393	sarcopenia	10
2793	satellite	10
1194	satiation	20
4379	satiety	12
2052	satisfaction	134
519	saturation	12
2084	saving	93
1115	scaffold	31
4700	scaffolding	10
1297	scalability	38
858	scale	975
1796	scalp	26
1051	scan	196
1866	scanner	80
673	scanning	381
2136	scanning_electron	22
1697	scarcity	12
4212	scattering	16
520	scenario	59
4037	scene	27
2070	schedule	130
2071	scheduling	20
1298	schema	11
1339	scheme	198
859	schizophrenia	310
1943	scholar	89
3985	scholarship	12
266	school	518
64	science	1786
1010	sclerosis	122
1958	scope	117
3868	scope_workstation	10
521	score	233
3911	scoring	28
4112	scourge	10
4113	scourge_signal	10
2205	screen	167
166	screening	721
3927	script	16
4218	sd	12
4504	sea	19
1235	search	140
4398	search_engine	16
1236	searching	82
3451	season	25
860	second	48
2236	secretion	46
4332	secretory	17
167	section	134
3714	sector	29
2564	security	64
4658	sedation	13
4659	sedation_procedure	13
2595	seed	67
3761	seeking	24
1215	segment	151
1216	segment_genomic	45
674	segmentation	152
3715	segregation	37
2847	seizure	69
675	selection	349
4240	selection_criterion	15
2837	selectivity	49
311	self	485
2680	self-	26
2072	self_efficacy	45
4325	self_renewal	17
730	self_report	216
2819	semantic	154
4253	semester	12
2422	seminar	164
3743	seminar_speaker	10
2824	semiparametric	21
2540	senescence	32
4336	senior	10
1659	sensation	88
65	sense	58
3126	sensing	37
168	sensitivity	465
169	sensitivity_specificity	254
1038	sensitization	12
811	sensor	305
66	sensorimotor	70
569	sensory	85
1660	sensory_shape	21
3202	sentence	27
4032	sentiment	11
1554	sentinel	12
1388	separation	55
1494	sepsis	56
1495	sepsis_septic	13
1496	septic	14
626	seq	161
1195	sequela	16
389	sequence	828
2509	sequence_alignment	28
4553	sequencer	15
627	sequencing	1051
1299	sequencing_transcriptomic	68
522	series	703
3091	series_transduction	82
3936	serine	29
3937	serine_threonine	16
170	serum	166
2187	server	66
812	service	721
3682	service_accessibility	38
2959	service_utilization	33
2364	session	122
731	setting	403
4516	setup	11
732	severity	473
1497	severity_illness	93
2947	severity_transduction	73
267	sex	257
390	shape	503
2188	shape_transduction	155
2705	share	39
1867	sharing	211
3571	shelf	24
676	shift	150
3082	shifting	14
3316	shock	64
3409	shortage	19
2065	shortcoming	34
4127	shotgun	22
4116	shoulder	21
4545	shrinkage	18
1753	sibling	36
4570	sight	14
1498	sign	157
3032	sign_symptom	38
523	signal	677
1340	signal_processing	157
1446	signaling	264
2206	signaling_pathway	63
1196	signature	442
4114	signature_generating	16
4115	signature_ip	15
1318	significance	220
3376	silencer	11
3703	silencing	27
4403	silico	12
3127	silicon	15
1797	similarity	91
4001	simplicity	11
1116	simulation	916
4348	simulator	10
2381	single-	10
4341	sister	13
2482	sit	10
391	site	1296
2173	situ	85
1369	situation	142
570	size	460
4147	skeleton	26
268	skill	758
2674	skin	108
4506	skin_conductance	12
677	skull	20
2330	sle	13
1629	sleep	197
1630	sleep_apnea	27
3919	sleep_disturbance	25
1052	slice	95
2993	slicer	13
2526	slide	69
3162	sloan	29
4153	slope	14
4520	slot	10
813	smartphone	103
3216	smoke	32
733	smoker	41
3083	smoker_smoking	34
3084	smoker_smoking_smoking_cessation	21
734	smoking	118
3085	smoking_cessation	31
3294	snapshot	14
3641	snare	10
1555	snp	87
2189	snp_snp	13
3113	snvs	13
2732	socialization	17
312	society	313
4295	society_socioeconomic	14
2461	socioeconomic	63
4238	sodium	30
3634	soil	12
814	solution	289
3542	solvent	18
1661	somatosensory	27
2285	song	14
2286	songbird	16
3976	sophistication	18
4070	sorting	29
313	sound	128
425	source	1263
4656	south	46
4722	south_amelioration	10
67	space	262
3668	span	27
2120	sparse	30
3980	spatio	32
3744	speaker	36
1818	specialist	92
4521	specialization	10
269	specialty	117
2331	specie	187
3627	specification	28
171	specificity	543
1148	speciman	267
3959	speciman_stain	11
2773	specimen	76
2735	specic	12
4206	spect	18
172	spectrometry	100
524	spectroscopy	103
525	spectrum	284
3324	spectrum_disorder	21
314	speech	233
2557	speech_intelligibility	15
1319	speech_perception	24
2004	speech_production	23
2287	speech_recognition	39
315	speech_speech	86
68	speed	367
2005	spelling	16
3549	spermatogenesis	14
2237	spike	44
3303	spiking	23
3728	spin	29
3729	spin_label	26
3837	spin_labeling	11
4202	spine	55
4203	spine_density	15
3996	spirit	20
3065	spirituality	14
2160	spirometry	17
1499	spite	35
3020	splice	30
3021	splice_site	16
628	splicing	83
2736	sponsor	23
2137	spore	25
3050	sport	23
3840	spot	18
2681	spotting	30
3441	spouse	10
3891	spread	56
4571	spreading	11
3402	spreadsheet	10
678	spring	30
4575	springboard	10
2238	square	29
861	stability	132
862	stabilization	26
1117	stack	22
958	staff	173
3608	staffing	11
173	stage	654
1300	staging	446
2527	stain	92
2528	staining	27
4702	stake	12
1935	stakeholder	57
1011	standard	388
1868	standardization	274
2483	standing	27
3821	standpoint	11
2774	staphylococcus	12
2775	staphylococcus_aureus	10
3553	star	14
1711	start	29
2723	starting	18
2724	starting_point	13
392	state	1345
735	state_art	472
2207	state_the-	18
2830	statement	20
69	statistic	575
2218	statistic_stream	40
2706	statistician	23
1149	status	406
4668	status_quo	10
3950	statute	16
3951	statute_law	16
3392	stay	52
2254	steatohepatitis	12
1605	steering	30
1606	steering_committee	21
426	stem	432
427	stem_cell	276
1607	stenosis	23
3578	stent	16
679	step	437
4533	step_dentin	10
1260	stereotyping	38
1150	sterility	16
2239	steroid	39
2240	steroid_hormone	22
1900	stiffness	26
3398	stigma	23
4682	stimulant	14
736	stimulation	371
3069	stimulation_db	42
2444	stimulator	19
526	stimulus	517
3986	stipend	10
3963	stomach	17
2302	stool	25
3910	stool_sample	16
1500	storage	159
1883	storage_retrieval	100
2649	store	60
4308	story	19
1781	strain	126
2981	strand	27
2982	strand_break	15
174	strategy	2193
270	stratification	162
4055	stratum	20
3793	streak	16
1501	stream	187
1502	streaming	10
571	strength	302
1118	strength_weakness	20
1197	stress	461
3442	stress_stressor	29
2972	stressor	74
4437	stretching	14
3822	stria	10
737	striatum	162
1301	striatum_structure	129
2017	stride	24
1503	strike	51
2219	string	13
572	stroke	400
573	stroke_stroke	71
574	stroke_survivor	25
70	structure	2593
3888	stuttering	10
527	style	107
1901	sub	99
1447	subcellular	15
3488	subclone	14
4344	subdomain	12
3905	subfield	12
1039	subgroup	242
71	subject	646
2650	subject_wealth	27
1884	submission	63
1754	subnetwork	22
3697	subphenotype	10
2398	subpopulation	54
3298	subregion	21
1782	subsample	18
1302	subset	309
738	substance	513
1198	substance_abuse	105
4188	substance_misuse	12
959	substance_pharmacology	40
960	substance_pharmacology_pharmacology_toxicology	25
3245	substitution	23
1091	substrate	108
2496	substrate_envelope	11
4653	substructure	13
175	subtype	278
4189	subtyping	15
1732	subunit	72
629	success	957
961	success_supervision	55
1869	success_survey	58
2865	success_symposium	52
4224	sucrose	11
1989	sufferer	17
815	suffering	26
4399	sugar	26
2174	suggestion	46
1783	suicide	63
4016	suicide_attempt	18
4017	suicide_attempter	13
3015	suicide_suicide	30
3016	suicide_suicide_attempt_suicide	24
3295	suidae	23
1608	suite	169
3328	sulcus	36
4449	sulfate	17
2311	sum	90
4140	sum_part	14
4134	summer	89
4695	summer_undergraduate	11
3892	sun	11
1819	supercomputer	20
575	supervision	289
3325	supplement	61
1151	supplementation	29
2725	supply	94
72	support	1084
1217	support_vector	126
1448	suppression	71
3351	suppressor	59
680	surface	343
1092	surface_synapsis	36
681	surgeon	68
682	surgery	201
2085	surrogate	37
2255	surveillance	162
1675	survey	322
176	survival	343
177	survival_rate	70
576	survivor	94
1449	susceptibility	208
4580	suspension	10
3704	sustainability	10
4287	swab	10
1522	swelling	20
4281	swimming	12
4085	switch	33
962	symposium	277
3426	symposium_synergism	13
178	symptom	811
3683	symptomatology	46
3684	symptomatology_symptom	27
1093	synapse	113
1094	synapsis	335
2582	synapsis_plasticity	44
4420	synapsis_synaptogenesis	23
1095	synaptogenesis	49
3642	synaptotagmin	12
4286	synchrony	33
271	syndrome	482
272	synergism	80
273	synergy	54
3217	syntax	77
3612	synthase	13
1389	synthesis	126
2410	table	27
1012	tablet	54
1609	tacrolimus	12
2627	tactile	26
1556	tag	31
3928	tagging	17
3317	tail	39
3842	tailoring	13
4200	taking	33
2866	talent	38
3128	talk	50
1698	talker	10
3675	tandem	14
3186	tangle	41
739	target	1073
393	targeting	482
73	task	746
4041	taste	13
2794	tax	10
2795	taxi	13
2332	taxon	15
1303	taxonomy	42
2848	tbi	19
4481	tcga	23
2651	teacher	121
2867	teaching	92
3960	technician	19
3628	teen	16
3629	teenager	23
1261	tegmental	32
1262	tegmental_area	30
3901	telehealth	11
816	telemedicine	11
4450	telemetry	13
2053	telephone	64
2054	telephone_testing	37
1450	telomerase	13
4410	temperament	10
3092	temperature	52
2868	template	46
2374	temporal	44
2375	temporal_scale	20
2510	ten	70
2511	ten_thousand	53
4380	tendency	24
1040	tension	14
3473	tensor	35
2369	tenure	27
2370	tenure_track	27
3403	terabyte	11
1263	terminal	61
4555	termination	22
3284	terminology	35
316	test	910
2750	testbed	14
317	testing_text	149
3218	testing_text_text_searching	14
2529	testing_texture	57
3304	testing_thalamic	49
74	testing_theory	292
318	text	287
2347	text_mining	41
1237	text_searching	79
4241	text_text	26
1990	textbook	22
1610	textile	20
2530	texture	71
428	tfbs	10
429	tfs	26
3305	thalamic	62
3306	thalamus	14
4074	thank	15
2208	the-	20
1199	theme	99
75	theory	589
963	therapeutic	580
3270	therapist	28
76	therapy	1600
3352	therapy_resistant	23
430	thermodynamic	34
4346	thesis	29
2474	theta	36
2475	theta_rhythm	18
683	thickness	25
3416	thing	20
2261	thinking	91
1200	thinness	41
1662	thought	48
431	thousand	250
4173	thousand_million	12
2312	threat	65
3938	threonine	17
2103	threshold	78
3393	thromboembolism	11
1557	thrombosis	39
1558	thrombus	11
1559	thrombus_formation	11
630	throughput	618
2512	throughput_nucleotide	81
1820	throughput_screening	83
2241	thyroid	13
4198	tie	15
4613	tier	11
77	time	3040
2161	time-	18
4599	timeframe	13
3165	timeline	40
4316	timeliness	11
4215	timescale	26
964	timing	174
2104	tion	33
2628	tip	17
179	tissue	1100
2591	title	30
3318	titration	11
3233	tnbc	10
1523	tnf	19
2376	to-	33
3508	tobacco	36
3509	tobacco_tobacco	24
2105	today	93
528	toddler	41
3812	toe	11
3267	tolerability	12
2872	tolerance	38
1451	toll	21
1452	toll_receptor	13
4141	tomogram	10
274	tomography	342
1238	tomography_emission	26
3307	tone	21
319	tongue	42
3152	toolbox	36
1959	toolkit	68
3561	toolset	13
2388	tooth	15
631	topic	171
2838	topoisomerase	10
2806	topology	47
1264	total	65
3676	totality	16
3566	touch	46
3567	touch_sensation	41
4261	touchscreen	12
1834	toxicant	25
3427	toxicant_toxicology	11
1453	toxicity	111
965	toxicology	87
4165	toxin	42
180	tp53	24
3745	tpcn	12
1733	trace	31
1239	tracer	45
1119	tracing	31
1734	track	208
2209	track_record	85
3711	tracker	15
2162	tracking	165
577	tract	132
1152	tract_infection	19
4002	traction	10
3853	tractography	30
2757	trade	11
3921	tradeoff	10
4484	tradition	11
4024	traffic	20
1096	trafficking	87
1944	train	48
2066	trainee	169
4156	trainer	14
78	training	2244
529	trait	367
2190	trait_locus	82
1755	trajectory	210
2175	tran	41
3377	tran_activator	16
3495	tran_omic	20
3496	tran_omic_precision_medicine	16
394	transact	13
4305	transaction	12
2333	transcript	233
3114	transcript_sequencing	72
2382	transcript_transcription	43
2541	transcript_transcriptomic	36
2831	transcriptase	38
395	transcription	588
4684	transcription_coactivator	14
396	transcription_factor	224
3550	transcriptional	12
632	transcriptome	82
1304	transcriptomic	262
2733	transducer	19
181	transduction	1407
3613	transduction_molecule	55
1097	transduction_site	178
3378	transfection	27
1735	transfer	182
2758	transform	16
1120	transformation	91
2743	transgene	21
4130	transit	11
79	transition	311
4593	transition_independence	42
1341	translating	532
2274	translating_translation	125
966	translation	484
3475	translocation	30
1098	transmission	287
1099	transmission_process	213
3643	transmitter	14
3644	transmitter_release	11
1611	transplant	55
4187	transplant_recipient	17
1612	transplantation	124
1736	transport	97
2603	transportation	25
3534	transporter	40
1370	trauma	119
3653	trauma_trauma	23
182	travel	71
1798	treadmill	15
3669	treat	11
80	treatment	2082
2018	treatment_option	60
2019	treatment_planning	100
1504	tree	159
1969	tremor	28
530	trend	212
3248	triage	45
81	trial	1070
3458	trigger	40
2121	trillion	17
2389	trimester	17
3997	triphosphate	11
2565	trust	56
2726	truth	39
183	tube	33
4122	tuberculosis	39
4272	tuberculosis_tuberculosis	10
184	tumor	539
2531	tumor_microenvironment	44
3177	tumor_microenvironment_tumor_progression	21
185	tumor_progression	116
3353	tumor_suppressor	47
967	tumor_xenograft	34
2401	tumorigenesis	82
578	tune	23
2889	tuning	39
1100	turn	191
4148	turnover	18
2365	tutorial	68
2423	tutoring	13
4319	tv	13
3178	tween	12
4288	tweet	13
3584	twin	20
4179	twitter	19
397	type	1330
817	type_diabetes	48
4473	typing	12
1454	tyrosine	53
1455	tyrosine_kinase	30
2880	u01	18
4222	u19	18
3923	ubiquitination	15
4469	ucla	11
4453	ucsd	14
4093	ultrasonic	15
4094	ultrasonic_ultrasonography	11
1342	ultrasonography	96
1343	ultrasound	39
4564	umbrella	11
82	uncertainty	200
2890	uncertainty_update	20
1885	underage	12
1886	underage_drinking	12
3394	underestimation	10
2869	undergraduate	52
3746	undergraduate_graduate	21
968	underpinning	101
969	underpinning_precision	25
83	understanding	1535
1013	unit	287
1371	unit_radiation	37
740	update	252
3924	update_user	44
3040	uptake	86
2411	urinary	19
1153	urine	83
1960	usability	191
1961	usability_user	53
741	usage	185
3101	usefulness	27
633	user	697
818	user_interface	148
531	utility	312
2020	utilization	121
1676	vaccination	64
1677	vaccination_vaccine	33
1678	vaccine	128
4528	vaccine_influenzavirus	10
4128	vaccine_vaccine	34
2462	valence	46
1240	validate	59
1014	validation	977
1201	validity	115
3854	validity_reliability	31
186	value	638
4282	valve	10
532	variability	259
863	variable	311
1202	variance	54
432	variant	522
533	variation	625
3825	varie	11
1265	variety	415
2163	varying	34
3179	vascularization	13
2100	vasculature	23
684	vector	323
2138	vehicle	39
4582	vehicle_accident	12
2629	vein	20
3677	vein_thrombosis	12
3678	velocity	26
4242	vendor	32
3654	ventilation	23
3604	ventricle	21
2164	ventricular	17
1613	venue	34
3407	verification	21
3041	version	93
3848	vertebrate	45
1737	vesicle	101
275	vessel	202
1614	veteran	46
2101	viability	27
4404	vibration	10
3436	vice	12
3357	victimization	12
742	video	124
2445	video_recording	32
3987	videotape	11
1663	view	146
4589	viewing	11
3370	vigilance	18
2463	violence	24
3614	viremia	12
3276	virion	26
2852	virology	55
2853	virology_virus	24
2776	virulence	23
1121	virus	293
3277	virus_host	21
1122	virus_virus	76
1821	vision	411
1505	visit	145
634	visualization	302
4548	visuomotor	11
1154	vitamin	26
864	vivo	154
2073	vocabulary	84
1320	vocalization	17
320	voice	85
3568	volition	18
3288	voltage	43
1053	volume	283
4565	volumetric	20
3268	volunteer	70
3430	voting	10
3889	vowel	10
4660	voxel	19
3051	voxelwise	13
3786	vs.	14
1887	vulnerability	86
3988	wage	25
3541	waist	12
1902	wake	19
3920	wakefulness	14
2165	walk	22
2166	walk_test	11
1799	walking	41
2777	wall	42
4477	war	10
2940	ward	16
1615	warehouse	96
3874	warehouse_database	43
4131	warehousing	10
2941	warning	41
3144	waste	16
1456	water	82
1457	water_maze	18
187	wave	74
4451	waveform	10
84	way	674
1123	weakness	47
1054	wealth	131
3452	weather	18
970	web	570
2055	web-	13
2543	web_app	35
3153	web_interface	60
3354	web_portal	59
2191	web_server	22
1962	web_service	69
3249	web_service_web_site	23
971	web_site	217
3802	web_site_working_group	10
2716	webinar	18
3129	website	81
2056	week	173
4248	week_gestation	10
85	weight	338
3813	weight_bearing	11
4423	weight_gain	17
3111	weight_loss	28
3510	weighting	10
1916	welfare	18
4338	wellness	13
2766	wgs	32
3404	wheel	13
4637	wheelchair	12
1738	whisker	16
2192	width	24
4006	wil	19
4056	willingness	27
1664	window	84
4151	wireless	27
3437	wiring	23
3501	wiring_diagram	13
3333	wisdom	10
3724	wit	10
1835	withdrawal	52
3615	wnt	14
188	woman	378
2446	wood	20
2447	wood_material	20
2920	word	136
2610	worker	44
1616	workflow	149
4314	workforce	46
1560	working	133
1561	working_group	76
2611	workload	25
4576	workplace	19
972	workshop	309
973	workshop_engineering	48
3154	workstation	27
579	world	547
635	world_class	67
2122	world_leader	31
3213	worm	24
3670	wound	22
3671	wound_healing	21
3779	wrist	45
2348	writing	188
974	xenograft	80
2921	xenograft_procedure	36
865	year	1474
3511	year_old	21
2193	yeast	81
2759	yield	34
4359	ymsm	11
2373	youth	149
2484	yr	20
1124	zebrafish	47
398	zinc	18
4333	zone	37
